/!\ FAILSAFE /!\  Thu Oct 10 14:22:10 +0200 2013
  Status: 500 Internal Server Error
  Access denied for user 'root'@'localhost' (using password: NO)
    /usr/lib/ruby/gems/1.8/gems/activerecord-2.3.5/lib/active_record/connection_adapters/mysql_adapter.rb:589:in `real_connect'
    /usr/lib/ruby/gems/1.8/gems/activerecord-2.3.5/lib/active_record/connection_adapters/mysql_adapter.rb:589:in `connect'
    /usr/lib/ruby/gems/1.8/gems/activerecord-2.3.5/lib/active_record/connection_adapters/mysql_adapter.rb:203:in `initialize'
    /usr/lib/ruby/gems/1.8/gems/activerecord-2.3.5/lib/active_record/connection_adapters/mysql_adapter.rb:75:in `new'
    /usr/lib/ruby/gems/1.8/gems/activerecord-2.3.5/lib/active_record/connection_adapters/mysql_adapter.rb:75:in `mysql_connection'
    /usr/lib/ruby/gems/1.8/gems/activerecord-2.3.5/lib/active_record/connection_adapters/abstract/connection_pool.rb:223:in `send'
    /usr/lib/ruby/gems/1.8/gems/activerecord-2.3.5/lib/active_record/connection_adapters/abstract/connection_pool.rb:223:in `new_connection'
    /usr/lib/ruby/gems/1.8/gems/activerecord-2.3.5/lib/active_record/connection_adapters/abstract/connection_pool.rb:245:in `checkout_new_connection'
    /usr/lib/ruby/gems/1.8/gems/activerecord-2.3.5/lib/active_record/connection_adapters/abstract/connection_pool.rb:188:in `checkout'
    /usr/lib/ruby/gems/1.8/gems/activerecord-2.3.5/lib/active_record/connection_adapters/abstract/connection_pool.rb:184:in `loop'
    /usr/lib/ruby/gems/1.8/gems/activerecord-2.3.5/lib/active_record/connection_adapters/abstract/connection_pool.rb:184:in `checkout'
    /usr/lib/ruby/1.8/monitor.rb:242:in `synchronize'
    /usr/lib/ruby/gems/1.8/gems/activerecord-2.3.5/lib/active_record/connection_adapters/abstract/connection_pool.rb:183:in `checkout'
    /usr/lib/ruby/gems/1.8/gems/activerecord-2.3.5/lib/active_record/connection_adapters/abstract/connection_pool.rb:98:in `connection'
    /usr/lib/ruby/gems/1.8/gems/activerecord-2.3.5/lib/active_record/connection_adapters/abstract/connection_pool.rb:326:in `retrieve_connection'
    /usr/lib/ruby/gems/1.8/gems/activerecord-2.3.5/lib/active_record/connection_adapters/abstract/connection_specification.rb:123:in `retrieve_connection'
    /usr/lib/ruby/gems/1.8/gems/activerecord-2.3.5/lib/active_record/connection_adapters/abstract/connection_specification.rb:115:in `connection'
    /usr/lib/ruby/gems/1.8/gems/activerecord-2.3.5/lib/active_record/query_cache.rb:9:in `cache'
    /usr/lib/ruby/gems/1.8/gems/activerecord-2.3.5/lib/active_record/query_cache.rb:28:in `call'
    /usr/lib/ruby/gems/1.8/gems/activerecord-2.3.5/lib/active_record/connection_adapters/abstract/connection_pool.rb:361:in `call'
    /usr/lib/ruby/gems/1.8/gems/actionpack-2.3.5/lib/action_controller/string_coercion.rb:25:in `call'
    /usr/lib/ruby/gems/1.8/gems/rack-1.0.1/lib/rack/head.rb:9:in `call'
    /usr/lib/ruby/gems/1.8/gems/rack-1.0.1/lib/rack/methodoverride.rb:24:in `call'
    /usr/lib/ruby/gems/1.8/gems/actionpack-2.3.5/lib/action_controller/params_parser.rb:15:in `call'
    /usr/lib/ruby/gems/1.8/gems/actionpack-2.3.5/lib/action_controller/session/cookie_store.rb:93:in `call'
    /usr/lib/ruby/gems/1.8/gems/actionpack-2.3.5/lib/action_controller/failsafe.rb:26:in `call'
    /usr/lib/ruby/gems/1.8/gems/rack-1.0.1/lib/rack/lock.rb:11:in `call'
    /usr/lib/ruby/gems/1.8/gems/rack-1.0.1/lib/rack/lock.rb:11:in `synchronize'
    /usr/lib/ruby/gems/1.8/gems/rack-1.0.1/lib/rack/lock.rb:11:in `call'
    /usr/lib/ruby/gems/1.8/gems/actionpack-2.3.5/lib/action_controller/dispatcher.rb:114:in `call'
    /usr/lib/ruby/gems/1.8/gems/actionpack-2.3.5/lib/action_controller/reloader.rb:34:in `run'
    /usr/lib/ruby/gems/1.8/gems/actionpack-2.3.5/lib/action_controller/dispatcher.rb:108:in `call'
    /usr/lib/ruby/gems/1.8/gems/rails-2.3.5/lib/rails/rack/static.rb:31:in `call'
    /usr/lib/ruby/gems/1.8/gems/rack-1.0.1/lib/rack/urlmap.rb:46:in `call'
    /usr/lib/ruby/gems/1.8/gems/rack-1.0.1/lib/rack/urlmap.rb:40:in `each'
    /usr/lib/ruby/gems/1.8/gems/rack-1.0.1/lib/rack/urlmap.rb:40:in `call'
    /usr/lib/ruby/gems/1.8/gems/rails-2.3.5/lib/rails/rack/log_tailer.rb:17:in `call'
    /usr/lib/ruby/gems/1.8/gems/rack-1.0.1/lib/rack/content_length.rb:13:in `call'
    /usr/lib/ruby/gems/1.8/gems/rack-1.0.1/lib/rack/handler/webrick.rb:50:in `service'
    /usr/lib/ruby/1.8/webrick/httpserver.rb:104:in `service'
    /usr/lib/ruby/1.8/webrick/httpserver.rb:65:in `run'
    /usr/lib/ruby/1.8/webrick/server.rb:173:in `start_thread'
    /usr/lib/ruby/1.8/webrick/server.rb:162:in `start'
    /usr/lib/ruby/1.8/webrick/server.rb:162:in `start_thread'
    /usr/lib/ruby/1.8/webrick/server.rb:95:in `start'
    /usr/lib/ruby/1.8/webrick/server.rb:92:in `each'
    /usr/lib/ruby/1.8/webrick/server.rb:92:in `start'
    /usr/lib/ruby/1.8/webrick/server.rb:23:in `start'
    /usr/lib/ruby/1.8/webrick/server.rb:82:in `start'
    /usr/lib/ruby/gems/1.8/gems/rack-1.0.1/lib/rack/handler/webrick.rb:14:in `run'
    /usr/lib/ruby/gems/1.8/gems/rails-2.3.5/lib/commands/server.rb:111
    /usr/local/lib/site_ruby/1.8/rubygems/custom_require.rb:31:in `gem_original_require'
    /usr/local/lib/site_ruby/1.8/rubygems/custom_require.rb:31:in `require'
    script/server:3
/!\ FAILSAFE /!\  Thu Oct 10 14:23:00 +0200 2013
  Status: 500 Internal Server Error
  Access denied for user 'root'@'localhost' (using password: NO)
    /usr/lib/ruby/gems/1.8/gems/activerecord-2.3.5/lib/active_record/connection_adapters/mysql_adapter.rb:589:in `real_connect'
    /usr/lib/ruby/gems/1.8/gems/activerecord-2.3.5/lib/active_record/connection_adapters/mysql_adapter.rb:589:in `connect'
    /usr/lib/ruby/gems/1.8/gems/activerecord-2.3.5/lib/active_record/connection_adapters/mysql_adapter.rb:203:in `initialize'
    /usr/lib/ruby/gems/1.8/gems/activerecord-2.3.5/lib/active_record/connection_adapters/mysql_adapter.rb:75:in `new'
    /usr/lib/ruby/gems/1.8/gems/activerecord-2.3.5/lib/active_record/connection_adapters/mysql_adapter.rb:75:in `mysql_connection'
    /usr/lib/ruby/gems/1.8/gems/activerecord-2.3.5/lib/active_record/connection_adapters/abstract/connection_pool.rb:223:in `send'
    /usr/lib/ruby/gems/1.8/gems/activerecord-2.3.5/lib/active_record/connection_adapters/abstract/connection_pool.rb:223:in `new_connection'
    /usr/lib/ruby/gems/1.8/gems/activerecord-2.3.5/lib/active_record/connection_adapters/abstract/connection_pool.rb:245:in `checkout_new_connection'
    /usr/lib/ruby/gems/1.8/gems/activerecord-2.3.5/lib/active_record/connection_adapters/abstract/connection_pool.rb:188:in `checkout'
    /usr/lib/ruby/gems/1.8/gems/activerecord-2.3.5/lib/active_record/connection_adapters/abstract/connection_pool.rb:184:in `loop'
    /usr/lib/ruby/gems/1.8/gems/activerecord-2.3.5/lib/active_record/connection_adapters/abstract/connection_pool.rb:184:in `checkout'
    /usr/lib/ruby/1.8/monitor.rb:242:in `synchronize'
    /usr/lib/ruby/gems/1.8/gems/activerecord-2.3.5/lib/active_record/connection_adapters/abstract/connection_pool.rb:183:in `checkout'
    /usr/lib/ruby/gems/1.8/gems/activerecord-2.3.5/lib/active_record/connection_adapters/abstract/connection_pool.rb:98:in `connection'
    /usr/lib/ruby/gems/1.8/gems/activerecord-2.3.5/lib/active_record/connection_adapters/abstract/connection_pool.rb:326:in `retrieve_connection'
    /usr/lib/ruby/gems/1.8/gems/activerecord-2.3.5/lib/active_record/connection_adapters/abstract/connection_specification.rb:123:in `retrieve_connection'
    /usr/lib/ruby/gems/1.8/gems/activerecord-2.3.5/lib/active_record/connection_adapters/abstract/connection_specification.rb:115:in `connection'
    /usr/lib/ruby/gems/1.8/gems/activerecord-2.3.5/lib/active_record/query_cache.rb:9:in `cache'
    /usr/lib/ruby/gems/1.8/gems/activerecord-2.3.5/lib/active_record/query_cache.rb:28:in `call'
    /usr/lib/ruby/gems/1.8/gems/activerecord-2.3.5/lib/active_record/connection_adapters/abstract/connection_pool.rb:361:in `call'
    /usr/lib/ruby/gems/1.8/gems/actionpack-2.3.5/lib/action_controller/string_coercion.rb:25:in `call'
    /usr/lib/ruby/gems/1.8/gems/rack-1.0.1/lib/rack/head.rb:9:in `call'
    /usr/lib/ruby/gems/1.8/gems/rack-1.0.1/lib/rack/methodoverride.rb:24:in `call'
    /usr/lib/ruby/gems/1.8/gems/actionpack-2.3.5/lib/action_controller/params_parser.rb:15:in `call'
    /usr/lib/ruby/gems/1.8/gems/actionpack-2.3.5/lib/action_controller/session/cookie_store.rb:93:in `call'
    /usr/lib/ruby/gems/1.8/gems/actionpack-2.3.5/lib/action_controller/failsafe.rb:26:in `call'
    /usr/lib/ruby/gems/1.8/gems/rack-1.0.1/lib/rack/lock.rb:11:in `call'
    /usr/lib/ruby/gems/1.8/gems/rack-1.0.1/lib/rack/lock.rb:11:in `synchronize'
    /usr/lib/ruby/gems/1.8/gems/rack-1.0.1/lib/rack/lock.rb:11:in `call'
    /usr/lib/ruby/gems/1.8/gems/actionpack-2.3.5/lib/action_controller/dispatcher.rb:114:in `call'
    /usr/lib/ruby/gems/1.8/gems/actionpack-2.3.5/lib/action_controller/reloader.rb:34:in `run'
    /usr/lib/ruby/gems/1.8/gems/actionpack-2.3.5/lib/action_controller/dispatcher.rb:108:in `call'
    /usr/lib/ruby/gems/1.8/gems/rails-2.3.5/lib/rails/rack/static.rb:31:in `call'
    /usr/lib/ruby/gems/1.8/gems/rack-1.0.1/lib/rack/urlmap.rb:46:in `call'
    /usr/lib/ruby/gems/1.8/gems/rack-1.0.1/lib/rack/urlmap.rb:40:in `each'
    /usr/lib/ruby/gems/1.8/gems/rack-1.0.1/lib/rack/urlmap.rb:40:in `call'
    /usr/lib/ruby/gems/1.8/gems/rails-2.3.5/lib/rails/rack/log_tailer.rb:17:in `call'
    /usr/lib/ruby/gems/1.8/gems/rack-1.0.1/lib/rack/content_length.rb:13:in `call'
    /usr/lib/ruby/gems/1.8/gems/rack-1.0.1/lib/rack/handler/webrick.rb:50:in `service'
    /usr/lib/ruby/1.8/webrick/httpserver.rb:104:in `service'
    /usr/lib/ruby/1.8/webrick/httpserver.rb:65:in `run'
    /usr/lib/ruby/1.8/webrick/server.rb:173:in `start_thread'
    /usr/lib/ruby/1.8/webrick/server.rb:162:in `start'
    /usr/lib/ruby/1.8/webrick/server.rb:162:in `start_thread'
    /usr/lib/ruby/1.8/webrick/server.rb:95:in `start'
    /usr/lib/ruby/1.8/webrick/server.rb:92:in `each'
    /usr/lib/ruby/1.8/webrick/server.rb:92:in `start'
    /usr/lib/ruby/1.8/webrick/server.rb:23:in `start'
    /usr/lib/ruby/1.8/webrick/server.rb:82:in `start'
    /usr/lib/ruby/gems/1.8/gems/rack-1.0.1/lib/rack/handler/webrick.rb:14:in `run'
    /usr/lib/ruby/gems/1.8/gems/rails-2.3.5/lib/commands/server.rb:111
    /usr/local/lib/site_ruby/1.8/rubygems/custom_require.rb:31:in `gem_original_require'
    /usr/local/lib/site_ruby/1.8/rubygems/custom_require.rb:31:in `require'
    script/server:3
/!\ FAILSAFE /!\  Thu Oct 10 14:29:17 +0200 2013
  Status: 500 Internal Server Error
  Unknown database 'hello_world_development'
    /usr/lib/ruby/gems/1.8/gems/activerecord-2.3.5/lib/active_record/connection_adapters/mysql_adapter.rb:589:in `real_connect'
    /usr/lib/ruby/gems/1.8/gems/activerecord-2.3.5/lib/active_record/connection_adapters/mysql_adapter.rb:589:in `connect'
    /usr/lib/ruby/gems/1.8/gems/activerecord-2.3.5/lib/active_record/connection_adapters/mysql_adapter.rb:203:in `initialize'
    /usr/lib/ruby/gems/1.8/gems/activerecord-2.3.5/lib/active_record/connection_adapters/mysql_adapter.rb:75:in `new'
    /usr/lib/ruby/gems/1.8/gems/activerecord-2.3.5/lib/active_record/connection_adapters/mysql_adapter.rb:75:in `mysql_connection'
    /usr/lib/ruby/gems/1.8/gems/activerecord-2.3.5/lib/active_record/connection_adapters/abstract/connection_pool.rb:223:in `send'
    /usr/lib/ruby/gems/1.8/gems/activerecord-2.3.5/lib/active_record/connection_adapters/abstract/connection_pool.rb:223:in `new_connection'
    /usr/lib/ruby/gems/1.8/gems/activerecord-2.3.5/lib/active_record/connection_adapters/abstract/connection_pool.rb:245:in `checkout_new_connection'
    /usr/lib/ruby/gems/1.8/gems/activerecord-2.3.5/lib/active_record/connection_adapters/abstract/connection_pool.rb:188:in `checkout'
    /usr/lib/ruby/gems/1.8/gems/activerecord-2.3.5/lib/active_record/connection_adapters/abstract/connection_pool.rb:184:in `loop'
    /usr/lib/ruby/gems/1.8/gems/activerecord-2.3.5/lib/active_record/connection_adapters/abstract/connection_pool.rb:184:in `checkout'
    /usr/lib/ruby/1.8/monitor.rb:242:in `synchronize'
    /usr/lib/ruby/gems/1.8/gems/activerecord-2.3.5/lib/active_record/connection_adapters/abstract/connection_pool.rb:183:in `checkout'
    /usr/lib/ruby/gems/1.8/gems/activerecord-2.3.5/lib/active_record/connection_adapters/abstract/connection_pool.rb:98:in `connection'
    /usr/lib/ruby/gems/1.8/gems/activerecord-2.3.5/lib/active_record/connection_adapters/abstract/connection_pool.rb:326:in `retrieve_connection'
    /usr/lib/ruby/gems/1.8/gems/activerecord-2.3.5/lib/active_record/connection_adapters/abstract/connection_specification.rb:123:in `retrieve_connection'
    /usr/lib/ruby/gems/1.8/gems/activerecord-2.3.5/lib/active_record/connection_adapters/abstract/connection_specification.rb:115:in `connection'
    /usr/lib/ruby/gems/1.8/gems/activerecord-2.3.5/lib/active_record/query_cache.rb:9:in `cache'
    /usr/lib/ruby/gems/1.8/gems/activerecord-2.3.5/lib/active_record/query_cache.rb:28:in `call'
    /usr/lib/ruby/gems/1.8/gems/activerecord-2.3.5/lib/active_record/connection_adapters/abstract/connection_pool.rb:361:in `call'
    /usr/lib/ruby/gems/1.8/gems/actionpack-2.3.5/lib/action_controller/string_coercion.rb:25:in `call'
    /usr/lib/ruby/gems/1.8/gems/rack-1.0.1/lib/rack/head.rb:9:in `call'
    /usr/lib/ruby/gems/1.8/gems/rack-1.0.1/lib/rack/methodoverride.rb:24:in `call'
    /usr/lib/ruby/gems/1.8/gems/actionpack-2.3.5/lib/action_controller/params_parser.rb:15:in `call'
    /usr/lib/ruby/gems/1.8/gems/actionpack-2.3.5/lib/action_controller/session/cookie_store.rb:93:in `call'
    /usr/lib/ruby/gems/1.8/gems/actionpack-2.3.5/lib/action_controller/failsafe.rb:26:in `call'
    /usr/lib/ruby/gems/1.8/gems/rack-1.0.1/lib/rack/lock.rb:11:in `call'
    /usr/lib/ruby/gems/1.8/gems/rack-1.0.1/lib/rack/lock.rb:11:in `synchronize'
    /usr/lib/ruby/gems/1.8/gems/rack-1.0.1/lib/rack/lock.rb:11:in `call'
    /usr/lib/ruby/gems/1.8/gems/actionpack-2.3.5/lib/action_controller/dispatcher.rb:114:in `call'
    /usr/lib/ruby/gems/1.8/gems/actionpack-2.3.5/lib/action_controller/reloader.rb:34:in `run'
    /usr/lib/ruby/gems/1.8/gems/actionpack-2.3.5/lib/action_controller/dispatcher.rb:108:in `call'
    /usr/lib/ruby/gems/1.8/gems/rails-2.3.5/lib/rails/rack/static.rb:31:in `call'
    /usr/lib/ruby/gems/1.8/gems/rack-1.0.1/lib/rack/urlmap.rb:46:in `call'
    /usr/lib/ruby/gems/1.8/gems/rack-1.0.1/lib/rack/urlmap.rb:40:in `each'
    /usr/lib/ruby/gems/1.8/gems/rack-1.0.1/lib/rack/urlmap.rb:40:in `call'
    /usr/lib/ruby/gems/1.8/gems/rails-2.3.5/lib/rails/rack/log_tailer.rb:17:in `call'
    /usr/lib/ruby/gems/1.8/gems/rack-1.0.1/lib/rack/content_length.rb:13:in `call'
    /usr/lib/ruby/gems/1.8/gems/rack-1.0.1/lib/rack/handler/webrick.rb:50:in `service'
    /usr/lib/ruby/1.8/webrick/httpserver.rb:104:in `service'
    /usr/lib/ruby/1.8/webrick/httpserver.rb:65:in `run'
    /usr/lib/ruby/1.8/webrick/server.rb:173:in `start_thread'
    /usr/lib/ruby/1.8/webrick/server.rb:162:in `start'
    /usr/lib/ruby/1.8/webrick/server.rb:162:in `start_thread'
    /usr/lib/ruby/1.8/webrick/server.rb:95:in `start'
    /usr/lib/ruby/1.8/webrick/server.rb:92:in `each'
    /usr/lib/ruby/1.8/webrick/server.rb:92:in `start'
    /usr/lib/ruby/1.8/webrick/server.rb:23:in `start'
    /usr/lib/ruby/1.8/webrick/server.rb:82:in `start'
    /usr/lib/ruby/gems/1.8/gems/rack-1.0.1/lib/rack/handler/webrick.rb:14:in `run'
    /usr/lib/ruby/gems/1.8/gems/rails-2.3.5/lib/commands/server.rb:111
    /usr/local/lib/site_ruby/1.8/rubygems/custom_require.rb:31:in `gem_original_require'
    /usr/local/lib/site_ruby/1.8/rubygems/custom_require.rb:31:in `require'
    script/server:3
  [4;36;1mSQL (0.2ms)[0m   [0;1mSET NAMES 'utf8'[0m
  [4;35;1mSQL (0.2ms)[0m   [0mSET SQL_AUTO_IS_NULL=0[0m
  [4;36;1mSQL (0.4ms)[0m   [0;1mSHOW TABLES[0m
  [4;35;1mSQL (223.5ms)[0m   [0mCREATE TABLE `schema_migrations` (`version` varchar(255) NOT NULL) ENGINE=InnoDB[0m
  [4;36;1mSQL (420.8ms)[0m   [0;1mCREATE UNIQUE INDEX `unique_schema_migrations` ON `schema_migrations` (`version`)[0m
  [4;35;1mSQL (0.5ms)[0m   [0mSHOW TABLES[0m
  [4;36;1mSQL (0.5ms)[0m   [0;1mSHOW TABLES[0m
  [4;35;1mSQL (0.4ms)[0m   [0mSELECT version FROM schema_migrations[0m
  [4;36;1mSQL (0.3ms)[0m   [0;1mSHOW TABLES[0m
  [4;36;1mSQL (0.3ms)[0m   [0;1mSET NAMES 'utf8'[0m
  [4;35;1mSQL (0.2ms)[0m   [0mSET SQL_AUTO_IS_NULL=0[0m


Processing Rails::InfoController#properties (for 127.0.0.1 at 2013-10-10 15:43:20) [GET]
  [4;36;1mSQL (0.8ms)[0m   [0;1mSHOW TABLES[0m
  [4;35;1mSQL (0.2ms)[0m   [0mSELECT version FROM schema_migrations[0m
Completed in 79ms (View: 3, DB: 1) | 200 OK [http://localhost/rails/info/properties]
  [4;36;1mSQL (0.2ms)[0m   [0;1mSET NAMES 'utf8'[0m
  [4;35;1mSQL (0.1ms)[0m   [0mSET SQL_AUTO_IS_NULL=0[0m


Processing Rails::InfoController#properties (for 127.0.0.1 at 2013-10-10 16:37:41) [GET]
  [4;36;1mSQL (0.5ms)[0m   [0;1mSHOW TABLES[0m
  [4;35;1mSQL (0.2ms)[0m   [0mSELECT version FROM schema_migrations[0m
Completed in 15ms (View: 2, DB: 1) | 200 OK [http://localhost/rails/info/properties]
  [4;36;1mSQL (0.2ms)[0m   [0;1mSET NAMES 'utf8'[0m
  [4;35;1mSQL (0.2ms)[0m   [0mSET SQL_AUTO_IS_NULL=0[0m


Processing HomeController#index (for 127.0.0.1 at 2013-10-10 16:52:26) [GET]
Rendering home/index
Completed in 79ms (View: 78, DB: 0) | 200 OK [http://localhost/]
  [4;36;1mSQL (0.3ms)[0m   [0;1mSET NAMES 'utf8'[0m
  [4;35;1mSQL (0.2ms)[0m   [0mSET SQL_AUTO_IS_NULL=0[0m


Processing HomeController#index (for 127.0.0.1 at 2013-10-10 16:52:31) [GET]
Rendering home/index
Completed in 2ms (View: 1, DB: 0) | 200 OK [http://localhost/]
  [4;36;1mSQL (0.2ms)[0m   [0;1mSET NAMES 'utf8'[0m
  [4;35;1mSQL (0.1ms)[0m   [0mSET SQL_AUTO_IS_NULL=0[0m


Processing HomeController#index (for 127.0.0.1 at 2013-10-10 16:52:34) [GET]
Rendering home/index
Completed in 3ms (View: 1, DB: 0) | 200 OK [http://localhost/]
  [4;36;1mSQL (0.2ms)[0m   [0;1mSET NAMES 'utf8'[0m
  [4;35;1mSQL (0.2ms)[0m   [0mSET SQL_AUTO_IS_NULL=0[0m


Processing HomeController#index (for 127.0.0.1 at 2013-10-10 16:52:36) [GET]
Rendering home/index
Completed in 3ms (View: 1, DB: 0) | 200 OK [http://localhost/]
  [4;36;1mSQL (0.2ms)[0m   [0;1mSET NAMES 'utf8'[0m
  [4;35;1mSQL (0.1ms)[0m   [0mSET SQL_AUTO_IS_NULL=0[0m


Processing HomeController#index (for 127.0.0.1 at 2013-10-10 16:52:38) [GET]
Rendering home/index
Completed in 3ms (View: 1, DB: 0) | 200 OK [http://localhost/]
  [4;36;1mSQL (0.1ms)[0m   [0;1mSET NAMES 'utf8'[0m
  [4;35;1mSQL (0.2ms)[0m   [0mSET SQL_AUTO_IS_NULL=0[0m


Processing HomeController#index (for 127.0.0.1 at 2013-10-10 16:53:17) [GET]
Rendering home/index
Completed in 2ms (View: 1, DB: 0) | 200 OK [http://localhost/]
  [4;36;1mSQL (0.2ms)[0m   [0;1mSET NAMES 'utf8'[0m
  [4;35;1mSQL (0.2ms)[0m   [0mSET SQL_AUTO_IS_NULL=0[0m


Processing HomeController#index (for 127.0.0.1 at 2013-10-10 16:55:02) [GET]
Rendering home/index
Completed in 9ms (View: 7, DB: 0) | 200 OK [http://localhost/]
  [4;36;1mSQL (0.2ms)[0m   [0;1mSET NAMES 'utf8'[0m
  [4;35;1mSQL (0.2ms)[0m   [0mSET SQL_AUTO_IS_NULL=0[0m


Processing HomeController#index (for 127.0.0.1 at 2013-10-10 16:55:04) [GET]
Rendering home/index
Completed in 3ms (View: 1, DB: 0) | 200 OK [http://localhost/]
  [4;36;1mSQL (0.2ms)[0m   [0;1mSET NAMES 'utf8'[0m
  [4;35;1mSQL (0.2ms)[0m   [0mSET SQL_AUTO_IS_NULL=0[0m


Processing HomeController#index (for 127.0.0.1 at 2013-10-10 16:55:08) [GET]
Rendering home/index
Completed in 3ms (View: 1, DB: 0) | 200 OK [http://localhost/]
  [4;36;1mSQL (0.3ms)[0m   [0;1mSET NAMES 'utf8'[0m
  [4;35;1mSQL (0.1ms)[0m   [0mSET SQL_AUTO_IS_NULL=0[0m


Processing HomeController#index (for 127.0.0.1 at 2013-10-10 16:55:16) [GET]
Rendering home/index
Completed in 3ms (View: 1, DB: 0) | 200 OK [http://localhost/]
  [4;36;1mSQL (0.2ms)[0m   [0;1mSET NAMES 'utf8'[0m
  [4;35;1mSQL (0.2ms)[0m   [0mSET SQL_AUTO_IS_NULL=0[0m


Processing HomeController#index (for 127.0.0.1 at 2013-10-10 16:55:20) [GET]
Rendering home/index
Completed in 3ms (View: 1, DB: 0) | 200 OK [http://localhost/]
  [4;36;1mSQL (0.2ms)[0m   [0;1mSET NAMES 'utf8'[0m
  [4;35;1mSQL (0.2ms)[0m   [0mSET SQL_AUTO_IS_NULL=0[0m


Processing ApplicationController#index (for 127.0.0.1 at 2013-10-10 16:58:56) [GET]

SyntaxError (/var/www/hello_world/app/controllers/home_controller.rb:3: syntax error, unexpected tSTRING_BEG, expecting kEND
    @a "Hell world"
        ^):
  /usr/lib/ruby/1.8/webrick/httpserver.rb:104:in `service'
  /usr/lib/ruby/1.8/webrick/httpserver.rb:65:in `run'
  /usr/lib/ruby/1.8/webrick/server.rb:173:in `start_thread'
  /usr/lib/ruby/1.8/webrick/server.rb:162:in `start'
  /usr/lib/ruby/1.8/webrick/server.rb:162:in `start_thread'
  /usr/lib/ruby/1.8/webrick/server.rb:95:in `start'
  /usr/lib/ruby/1.8/webrick/server.rb:92:in `each'
  /usr/lib/ruby/1.8/webrick/server.rb:92:in `start'
  /usr/lib/ruby/1.8/webrick/server.rb:23:in `start'
  /usr/lib/ruby/1.8/webrick/server.rb:82:in `start'

Rendered rescues/_trace (33.6ms)
Rendered rescues/_request_and_response (1.4ms)
Rendering rescues/layout (internal_server_error)
  [4;36;1mSQL (0.2ms)[0m   [0;1mSET NAMES 'utf8'[0m
  [4;35;1mSQL (0.2ms)[0m   [0mSET SQL_AUTO_IS_NULL=0[0m


Processing ApplicationController#index (for 127.0.0.1 at 2013-10-10 17:01:34) [GET]

SyntaxError (/var/www/hello_world/app/controllers/home_controller.rb:3: syntax error, unexpected tSTRING_BEG, expecting kEND
    @a "Hell world"
        ^):
  /usr/lib/ruby/1.8/webrick/httpserver.rb:104:in `service'
  /usr/lib/ruby/1.8/webrick/httpserver.rb:65:in `run'
  /usr/lib/ruby/1.8/webrick/server.rb:173:in `start_thread'
  /usr/lib/ruby/1.8/webrick/server.rb:162:in `start'
  /usr/lib/ruby/1.8/webrick/server.rb:162:in `start_thread'
  /usr/lib/ruby/1.8/webrick/server.rb:95:in `start'
  /usr/lib/ruby/1.8/webrick/server.rb:92:in `each'
  /usr/lib/ruby/1.8/webrick/server.rb:92:in `start'
  /usr/lib/ruby/1.8/webrick/server.rb:23:in `start'
  /usr/lib/ruby/1.8/webrick/server.rb:82:in `start'

Rendered rescues/_trace (30.8ms)
Rendered rescues/_request_and_response (0.3ms)
Rendering rescues/layout (internal_server_error)
  [4;36;1mSQL (0.1ms)[0m   [0;1mSET NAMES 'utf8'[0m
  [4;35;1mSQL (0.1ms)[0m   [0mSET SQL_AUTO_IS_NULL=0[0m


Processing ApplicationController#index (for 127.0.0.1 at 2013-10-10 17:01:35) [GET]

SyntaxError (/var/www/hello_world/app/controllers/home_controller.rb:3: syntax error, unexpected tSTRING_BEG, expecting kEND
    @a "Hell world"
        ^):
  /usr/lib/ruby/1.8/webrick/httpserver.rb:104:in `service'
  /usr/lib/ruby/1.8/webrick/httpserver.rb:65:in `run'
  /usr/lib/ruby/1.8/webrick/server.rb:173:in `start_thread'
  /usr/lib/ruby/1.8/webrick/server.rb:162:in `start'
  /usr/lib/ruby/1.8/webrick/server.rb:162:in `start_thread'
  /usr/lib/ruby/1.8/webrick/server.rb:95:in `start'
  /usr/lib/ruby/1.8/webrick/server.rb:92:in `each'
  /usr/lib/ruby/1.8/webrick/server.rb:92:in `start'
  /usr/lib/ruby/1.8/webrick/server.rb:23:in `start'
  /usr/lib/ruby/1.8/webrick/server.rb:82:in `start'

Rendered rescues/_trace (29.2ms)
Rendered rescues/_request_and_response (0.3ms)
Rendering rescues/layout (internal_server_error)
  [4;36;1mSQL (0.2ms)[0m   [0;1mSET NAMES 'utf8'[0m
  [4;35;1mSQL (0.2ms)[0m   [0mSET SQL_AUTO_IS_NULL=0[0m


Processing ApplicationController#index (for 127.0.0.1 at 2013-10-10 17:02:00) [GET]

SyntaxError (/var/www/hello_world/app/controllers/home_controller.rb:3: syntax error, unexpected tSTRING_BEG, expecting kEND
    @a "Hell world"
        ^):
  /usr/lib/ruby/1.8/webrick/httpserver.rb:104:in `service'
  /usr/lib/ruby/1.8/webrick/httpserver.rb:65:in `run'
  /usr/lib/ruby/1.8/webrick/server.rb:173:in `start_thread'
  /usr/lib/ruby/1.8/webrick/server.rb:162:in `start'
  /usr/lib/ruby/1.8/webrick/server.rb:162:in `start_thread'
  /usr/lib/ruby/1.8/webrick/server.rb:95:in `start'
  /usr/lib/ruby/1.8/webrick/server.rb:92:in `each'
  /usr/lib/ruby/1.8/webrick/server.rb:92:in `start'
  /usr/lib/ruby/1.8/webrick/server.rb:23:in `start'
  /usr/lib/ruby/1.8/webrick/server.rb:82:in `start'

Rendered rescues/_trace (27.7ms)
Rendered rescues/_request_and_response (0.3ms)
Rendering rescues/layout (internal_server_error)
  [4;36;1mSQL (0.2ms)[0m   [0;1mSET NAMES 'utf8'[0m
  [4;35;1mSQL (0.2ms)[0m   [0mSET SQL_AUTO_IS_NULL=0[0m


Processing ApplicationController#index (for 127.0.0.1 at 2013-10-10 17:02:00) [GET]

SyntaxError (/var/www/hello_world/app/controllers/home_controller.rb:3: syntax error, unexpected tSTRING_BEG, expecting kEND
    @a "Hell world"
        ^):
  /usr/lib/ruby/1.8/webrick/httpserver.rb:104:in `service'
  /usr/lib/ruby/1.8/webrick/httpserver.rb:65:in `run'
  /usr/lib/ruby/1.8/webrick/server.rb:173:in `start_thread'
  /usr/lib/ruby/1.8/webrick/server.rb:162:in `start'
  /usr/lib/ruby/1.8/webrick/server.rb:162:in `start_thread'
  /usr/lib/ruby/1.8/webrick/server.rb:95:in `start'
  /usr/lib/ruby/1.8/webrick/server.rb:92:in `each'
  /usr/lib/ruby/1.8/webrick/server.rb:92:in `start'
  /usr/lib/ruby/1.8/webrick/server.rb:23:in `start'
  /usr/lib/ruby/1.8/webrick/server.rb:82:in `start'

Rendered rescues/_trace (77.7ms)
Rendered rescues/_request_and_response (0.3ms)
Rendering rescues/layout (internal_server_error)
  [4;36;1mSQL (0.2ms)[0m   [0;1mSET NAMES 'utf8'[0m
  [4;35;1mSQL (0.2ms)[0m   [0mSET SQL_AUTO_IS_NULL=0[0m


Processing ApplicationController#index (for 127.0.0.1 at 2013-10-10 17:02:20) [GET]

SyntaxError (/var/www/hello_world/app/controllers/home_controller.rb:3: syntax error, unexpected tSTRING_BEG, expecting kEND
    @a "Hell world"
        ^):
  /usr/lib/ruby/1.8/webrick/httpserver.rb:104:in `service'
  /usr/lib/ruby/1.8/webrick/httpserver.rb:65:in `run'
  /usr/lib/ruby/1.8/webrick/server.rb:173:in `start_thread'
  /usr/lib/ruby/1.8/webrick/server.rb:162:in `start'
  /usr/lib/ruby/1.8/webrick/server.rb:162:in `start_thread'
  /usr/lib/ruby/1.8/webrick/server.rb:95:in `start'
  /usr/lib/ruby/1.8/webrick/server.rb:92:in `each'
  /usr/lib/ruby/1.8/webrick/server.rb:92:in `start'
  /usr/lib/ruby/1.8/webrick/server.rb:23:in `start'
  /usr/lib/ruby/1.8/webrick/server.rb:82:in `start'

Rendered rescues/_trace (31.0ms)
Rendered rescues/_request_and_response (0.3ms)
Rendering rescues/layout (internal_server_error)
  [4;36;1mSQL (0.2ms)[0m   [0;1mSET NAMES 'utf8'[0m
  [4;35;1mSQL (0.2ms)[0m   [0mSET SQL_AUTO_IS_NULL=0[0m


Processing ApplicationController#index (for 127.0.0.1 at 2013-10-10 17:02:46) [GET]

SyntaxError (/var/www/hello_world/app/controllers/home_controller.rb:3: syntax error, unexpected tSTRING_BEG, expecting kEND
    @a "Hell world"
        ^):
  /usr/lib/ruby/1.8/webrick/httpserver.rb:104:in `service'
  /usr/lib/ruby/1.8/webrick/httpserver.rb:65:in `run'
  /usr/lib/ruby/1.8/webrick/server.rb:173:in `start_thread'
  /usr/lib/ruby/1.8/webrick/server.rb:162:in `start'
  /usr/lib/ruby/1.8/webrick/server.rb:162:in `start_thread'
  /usr/lib/ruby/1.8/webrick/server.rb:95:in `start'
  /usr/lib/ruby/1.8/webrick/server.rb:92:in `each'
  /usr/lib/ruby/1.8/webrick/server.rb:92:in `start'
  /usr/lib/ruby/1.8/webrick/server.rb:23:in `start'
  /usr/lib/ruby/1.8/webrick/server.rb:82:in `start'

Rendered rescues/_trace (28.9ms)
Rendered rescues/_request_and_response (0.3ms)
Rendering rescues/layout (internal_server_error)
  [4;36;1mSQL (0.2ms)[0m   [0;1mSET NAMES 'utf8'[0m
  [4;35;1mSQL (0.2ms)[0m   [0mSET SQL_AUTO_IS_NULL=0[0m


Processing ApplicationController#index (for 127.0.0.1 at 2013-10-10 17:02:47) [GET]

SyntaxError (/var/www/hello_world/app/controllers/home_controller.rb:3: syntax error, unexpected tSTRING_BEG, expecting kEND
    @a "Hell world"
        ^):
  /usr/lib/ruby/1.8/webrick/httpserver.rb:104:in `service'
  /usr/lib/ruby/1.8/webrick/httpserver.rb:65:in `run'
  /usr/lib/ruby/1.8/webrick/server.rb:173:in `start_thread'
  /usr/lib/ruby/1.8/webrick/server.rb:162:in `start'
  /usr/lib/ruby/1.8/webrick/server.rb:162:in `start_thread'
  /usr/lib/ruby/1.8/webrick/server.rb:95:in `start'
  /usr/lib/ruby/1.8/webrick/server.rb:92:in `each'
  /usr/lib/ruby/1.8/webrick/server.rb:92:in `start'
  /usr/lib/ruby/1.8/webrick/server.rb:23:in `start'
  /usr/lib/ruby/1.8/webrick/server.rb:82:in `start'

Rendered rescues/_trace (77.6ms)
Rendered rescues/_request_and_response (0.3ms)
Rendering rescues/layout (internal_server_error)
  [4;36;1mSQL (0.2ms)[0m   [0;1mSET NAMES 'utf8'[0m
  [4;35;1mSQL (0.3ms)[0m   [0mSET SQL_AUTO_IS_NULL=0[0m


Processing HomeController#index (for 127.0.0.1 at 2013-10-10 17:03:34) [GET]
Rendering home/index
Completed in 7ms (View: 5, DB: 0) | 200 OK [http://localhost/]
  [4;36;1mSQL (0.2ms)[0m   [0;1mSET NAMES 'utf8'[0m
  [4;35;1mSQL (0.2ms)[0m   [0mSET SQL_AUTO_IS_NULL=0[0m


Processing HomeController#index (for 127.0.0.1 at 2013-10-10 17:04:13) [GET]
Rendering home/index
Completed in 5ms (View: 4, DB: 0) | 200 OK [http://localhost/]
  [4;36;1mSQL (0.2ms)[0m   [0;1mSET NAMES 'utf8'[0m
  [4;35;1mSQL (0.2ms)[0m   [0mSET SQL_AUTO_IS_NULL=0[0m


Processing HomeController#index (for 127.0.0.1 at 2013-10-10 17:06:13) [GET]
Rendering home/index
Completed in 8ms (View: 6, DB: 0) | 200 OK [http://localhost/]
  [4;36;1mSQL (0.1ms)[0m   [0;1mSET NAMES 'utf8'[0m
  [4;35;1mSQL (0.2ms)[0m   [0mSET SQL_AUTO_IS_NULL=0[0m


Processing HomeController#index (for 127.0.0.1 at 2013-10-10 17:14:39) [GET]
Rendering home/index
Completed in 3ms (View: 1, DB: 0) | 200 OK [http://localhost/]
  [4;36;1mSQL (0.1ms)[0m   [0;1mSET NAMES 'utf8'[0m
  [4;35;1mSQL (0.1ms)[0m   [0mSET SQL_AUTO_IS_NULL=0[0m


Processing HomeController#index (for 127.0.0.1 at 2013-10-10 17:14:43) [GET]
Rendering home/index
Completed in 3ms (View: 1, DB: 0) | 200 OK [http://localhost/]
  [4;36;1mSQL (0.2ms)[0m   [0;1mSET NAMES 'utf8'[0m
  [4;35;1mSQL (0.2ms)[0m   [0mSET SQL_AUTO_IS_NULL=0[0m


Processing HomeController#index (for 127.0.0.1 at 2013-10-10 17:14:48) [GET]
Rendering home/index
Completed in 2ms (View: 1, DB: 0) | 200 OK [http://localhost/]
  [4;36;1mSQL (0.2ms)[0m   [0;1mSET NAMES 'utf8'[0m
  [4;35;1mSQL (0.2ms)[0m   [0mSET SQL_AUTO_IS_NULL=0[0m


Processing HomeController#index (for 127.0.0.1 at 2013-10-10 17:14:50) [GET]
Rendering home/index
Completed in 3ms (View: 1, DB: 0) | 200 OK [http://localhost/]
  [4;36;1mSQL (0.2ms)[0m   [0;1mSET NAMES 'utf8'[0m
  [4;35;1mSQL (0.2ms)[0m   [0mSET SQL_AUTO_IS_NULL=0[0m


Processing HomeController#index (for 127.0.0.1 at 2013-10-10 17:14:56) [GET]
Rendering home/index
Completed in 3ms (View: 1, DB: 0) | 200 OK [http://localhost/]
  [4;36;1mSQL (0.2ms)[0m   [0;1mSET NAMES 'utf8'[0m
  [4;35;1mSQL (0.2ms)[0m   [0mSET SQL_AUTO_IS_NULL=0[0m


Processing HomeController#index (for 127.0.0.1 at 2013-10-10 17:14:57) [GET]
Rendering home/index
Completed in 3ms (View: 1, DB: 0) | 200 OK [http://localhost/]
  [4;36;1mSQL (0.2ms)[0m   [0;1mSET NAMES 'utf8'[0m
  [4;35;1mSQL (0.2ms)[0m   [0mSET SQL_AUTO_IS_NULL=0[0m


Processing HomeController#index (for 127.0.0.1 at 2013-10-10 17:15:07) [GET]
Rendering home/index
Completed in 8ms (View: 6, DB: 0) | 200 OK [http://localhost/]
  [4;36;1mSQL (0.2ms)[0m   [0;1mSET NAMES 'utf8'[0m
  [4;35;1mSQL (0.2ms)[0m   [0mSET SQL_AUTO_IS_NULL=0[0m


Processing HomeController#index (for 127.0.0.1 at 2013-10-10 17:15:14) [GET]
Rendering home/index
Completed in 3ms (View: 1, DB: 0) | 200 OK [http://localhost/]
  [4;36;1mSQL (0.2ms)[0m   [0;1mSET NAMES 'utf8'[0m
  [4;35;1mSQL (0.2ms)[0m   [0mSET SQL_AUTO_IS_NULL=0[0m


Processing HomeController#index (for 127.0.0.1 at 2013-10-10 17:23:17) [GET]
Rendering home/index
Completed in 2ms (View: 1, DB: 0) | 200 OK [http://localhost/]
  [4;36;1mSQL (0.2ms)[0m   [0;1mSET NAMES 'utf8'[0m
  [4;35;1mSQL (0.1ms)[0m   [0mSET SQL_AUTO_IS_NULL=0[0m


Processing HomeController#index (for 127.0.0.1 at 2013-10-10 17:23:18) [GET]
Rendering home/index
Completed in 3ms (View: 1, DB: 0) | 200 OK [http://localhost/]
  [4;36;1mSQL (0.2ms)[0m   [0;1mSET NAMES 'utf8'[0m
  [4;35;1mSQL (0.3ms)[0m   [0mSET SQL_AUTO_IS_NULL=0[0m


Processing HomeController#index (for 127.0.0.1 at 2013-10-10 17:23:27) [GET]
Rendering home/index
Completed in 2ms (View: 1, DB: 0) | 200 OK [http://localhost/]
  [4;36;1mSQL (0.2ms)[0m   [0;1mSET NAMES 'utf8'[0m
  [4;35;1mSQL (0.2ms)[0m   [0mSET SQL_AUTO_IS_NULL=0[0m


Processing HomeController#index (for 127.0.0.1 at 2013-10-10 17:23:29) [GET]
Rendering home/index
Completed in 3ms (View: 1, DB: 0) | 200 OK [http://localhost/]
  [4;36;1mSQL (0.2ms)[0m   [0;1mSET NAMES 'utf8'[0m
  [4;35;1mSQL (0.2ms)[0m   [0mSET SQL_AUTO_IS_NULL=0[0m


Processing HomeController#index (for 127.0.0.1 at 2013-10-10 17:23:47) [GET]
Rendering home/index
Completed in 3ms (View: 1, DB: 0) | 200 OK [http://localhost/]
  [4;36;1mSQL (0.2ms)[0m   [0;1mSET NAMES 'utf8'[0m
  [4;35;1mSQL (0.3ms)[0m   [0mSET SQL_AUTO_IS_NULL=0[0m


Processing ApplicationController#index (for 127.0.0.1 at 2013-10-10 17:29:57) [GET]

NameError (uninitialized constant HomeController):
  /usr/lib/ruby/1.8/webrick/httpserver.rb:104:in `service'
  /usr/lib/ruby/1.8/webrick/httpserver.rb:65:in `run'
  /usr/lib/ruby/1.8/webrick/server.rb:173:in `start_thread'
  /usr/lib/ruby/1.8/webrick/server.rb:162:in `start'
  /usr/lib/ruby/1.8/webrick/server.rb:162:in `start_thread'
  /usr/lib/ruby/1.8/webrick/server.rb:95:in `start'
  /usr/lib/ruby/1.8/webrick/server.rb:92:in `each'
  /usr/lib/ruby/1.8/webrick/server.rb:92:in `start'
  /usr/lib/ruby/1.8/webrick/server.rb:23:in `start'
  /usr/lib/ruby/1.8/webrick/server.rb:82:in `start'

Rendered rescues/_trace (26.7ms)
Rendered rescues/_request_and_response (0.3ms)
Rendering rescues/layout (internal_server_error)
  [4;36;1mSQL (0.2ms)[0m   [0;1mSET NAMES 'utf8'[0m
  [4;35;1mSQL (0.2ms)[0m   [0mSET SQL_AUTO_IS_NULL=0[0m


Processing ApplicationController#index (for 127.0.0.1 at 2013-10-10 17:29:58) [GET]

NameError (uninitialized constant HomeController):
  /usr/lib/ruby/1.8/webrick/httpserver.rb:104:in `service'
  /usr/lib/ruby/1.8/webrick/httpserver.rb:65:in `run'
  /usr/lib/ruby/1.8/webrick/server.rb:173:in `start_thread'
  /usr/lib/ruby/1.8/webrick/server.rb:162:in `start'
  /usr/lib/ruby/1.8/webrick/server.rb:162:in `start_thread'
  /usr/lib/ruby/1.8/webrick/server.rb:95:in `start'
  /usr/lib/ruby/1.8/webrick/server.rb:92:in `each'
  /usr/lib/ruby/1.8/webrick/server.rb:92:in `start'
  /usr/lib/ruby/1.8/webrick/server.rb:23:in `start'
  /usr/lib/ruby/1.8/webrick/server.rb:82:in `start'

Rendered rescues/_trace (26.4ms)
Rendered rescues/_request_and_response (0.3ms)
Rendering rescues/layout (internal_server_error)
  [4;36;1mSQL (0.2ms)[0m   [0;1mSET NAMES 'utf8'[0m
  [4;35;1mSQL (0.2ms)[0m   [0mSET SQL_AUTO_IS_NULL=0[0m


Processing ApplicationController#index (for 127.0.0.1 at 2013-10-10 17:29:59) [GET]

NameError (uninitialized constant HomeController):
  /usr/lib/ruby/1.8/webrick/httpserver.rb:104:in `service'
  /usr/lib/ruby/1.8/webrick/httpserver.rb:65:in `run'
  /usr/lib/ruby/1.8/webrick/server.rb:173:in `start_thread'
  /usr/lib/ruby/1.8/webrick/server.rb:162:in `start'
  /usr/lib/ruby/1.8/webrick/server.rb:162:in `start_thread'
  /usr/lib/ruby/1.8/webrick/server.rb:95:in `start'
  /usr/lib/ruby/1.8/webrick/server.rb:92:in `each'
  /usr/lib/ruby/1.8/webrick/server.rb:92:in `start'
  /usr/lib/ruby/1.8/webrick/server.rb:23:in `start'
  /usr/lib/ruby/1.8/webrick/server.rb:82:in `start'

Rendered rescues/_trace (74.5ms)
Rendered rescues/_request_and_response (0.3ms)
Rendering rescues/layout (internal_server_error)
  [4;36;1mSQL (0.2ms)[0m   [0;1mSET NAMES 'utf8'[0m
  [4;35;1mSQL (0.2ms)[0m   [0mSET SQL_AUTO_IS_NULL=0[0m


Processing ApplicationController#index (for 127.0.0.1 at 2013-10-10 17:29:59) [GET]

NameError (uninitialized constant HomeController):
  /usr/lib/ruby/1.8/webrick/httpserver.rb:104:in `service'
  /usr/lib/ruby/1.8/webrick/httpserver.rb:65:in `run'
  /usr/lib/ruby/1.8/webrick/server.rb:173:in `start_thread'
  /usr/lib/ruby/1.8/webrick/server.rb:162:in `start'
  /usr/lib/ruby/1.8/webrick/server.rb:162:in `start_thread'
  /usr/lib/ruby/1.8/webrick/server.rb:95:in `start'
  /usr/lib/ruby/1.8/webrick/server.rb:92:in `each'
  /usr/lib/ruby/1.8/webrick/server.rb:92:in `start'
  /usr/lib/ruby/1.8/webrick/server.rb:23:in `start'
  /usr/lib/ruby/1.8/webrick/server.rb:82:in `start'

Rendered rescues/_trace (31.5ms)
Rendered rescues/_request_and_response (0.3ms)
Rendering rescues/layout (internal_server_error)
  [4;36;1mSQL (0.2ms)[0m   [0;1mSET NAMES 'utf8'[0m
  [4;35;1mSQL (0.2ms)[0m   [0mSET SQL_AUTO_IS_NULL=0[0m


Processing ApplicationController#index (for 127.0.0.1 at 2013-10-10 17:30:02) [GET]

NameError (uninitialized constant HomeController):
  /usr/lib/ruby/1.8/webrick/httpserver.rb:104:in `service'
  /usr/lib/ruby/1.8/webrick/httpserver.rb:65:in `run'
  /usr/lib/ruby/1.8/webrick/server.rb:173:in `start_thread'
  /usr/lib/ruby/1.8/webrick/server.rb:162:in `start'
  /usr/lib/ruby/1.8/webrick/server.rb:162:in `start_thread'
  /usr/lib/ruby/1.8/webrick/server.rb:95:in `start'
  /usr/lib/ruby/1.8/webrick/server.rb:92:in `each'
  /usr/lib/ruby/1.8/webrick/server.rb:92:in `start'
  /usr/lib/ruby/1.8/webrick/server.rb:23:in `start'
  /usr/lib/ruby/1.8/webrick/server.rb:82:in `start'

Rendered rescues/_trace (25.5ms)
Rendered rescues/_request_and_response (0.3ms)
Rendering rescues/layout (internal_server_error)
  [4;36;1mSQL (0.2ms)[0m   [0;1mSET NAMES 'utf8'[0m
  [4;35;1mSQL (0.2ms)[0m   [0mSET SQL_AUTO_IS_NULL=0[0m


Processing ApplicationController#index (for 127.0.0.1 at 2013-10-10 17:30:23) [GET]

NameError (uninitialized constant HomeController):
  /usr/lib/ruby/1.8/webrick/httpserver.rb:104:in `service'
  /usr/lib/ruby/1.8/webrick/httpserver.rb:65:in `run'
  /usr/lib/ruby/1.8/webrick/server.rb:173:in `start_thread'
  /usr/lib/ruby/1.8/webrick/server.rb:162:in `start'
  /usr/lib/ruby/1.8/webrick/server.rb:162:in `start_thread'
  /usr/lib/ruby/1.8/webrick/server.rb:95:in `start'
  /usr/lib/ruby/1.8/webrick/server.rb:92:in `each'
  /usr/lib/ruby/1.8/webrick/server.rb:92:in `start'
  /usr/lib/ruby/1.8/webrick/server.rb:23:in `start'
  /usr/lib/ruby/1.8/webrick/server.rb:82:in `start'

Rendered rescues/_trace (26.9ms)
Rendered rescues/_request_and_response (0.3ms)
Rendering rescues/layout (internal_server_error)
  [4;36;1mSQL (0.2ms)[0m   [0;1mSET NAMES 'utf8'[0m
  [4;35;1mSQL (0.1ms)[0m   [0mSET SQL_AUTO_IS_NULL=0[0m


Processing ApplicationController#index (for 127.0.0.1 at 2013-10-10 17:30:24) [GET]

NameError (uninitialized constant HomeController):
  /usr/lib/ruby/1.8/webrick/httpserver.rb:104:in `service'
  /usr/lib/ruby/1.8/webrick/httpserver.rb:65:in `run'
  /usr/lib/ruby/1.8/webrick/server.rb:173:in `start_thread'
  /usr/lib/ruby/1.8/webrick/server.rb:162:in `start'
  /usr/lib/ruby/1.8/webrick/server.rb:162:in `start_thread'
  /usr/lib/ruby/1.8/webrick/server.rb:95:in `start'
  /usr/lib/ruby/1.8/webrick/server.rb:92:in `each'
  /usr/lib/ruby/1.8/webrick/server.rb:92:in `start'
  /usr/lib/ruby/1.8/webrick/server.rb:23:in `start'
  /usr/lib/ruby/1.8/webrick/server.rb:82:in `start'

Rendered rescues/_trace (77.6ms)
Rendered rescues/_request_and_response (0.3ms)
Rendering rescues/layout (internal_server_error)
  [4;36;1mSQL (0.2ms)[0m   [0;1mSET NAMES 'utf8'[0m
  [4;35;1mSQL (0.2ms)[0m   [0mSET SQL_AUTO_IS_NULL=0[0m


Processing HomeController#index (for 127.0.0.1 at 2013-10-10 17:32:41) [GET]
Rendering home/index
Completed in 6ms (View: 4, DB: 0) | 200 OK [http://localhost/]
  [4;36;1mSQL (0.6ms)[0m   [0;1mSET NAMES 'utf8'[0m
  [4;35;1mSQL (0.2ms)[0m   [0mSET SQL_AUTO_IS_NULL=0[0m


Processing HomeController#index (for 127.0.0.1 at 2013-10-10 17:40:51) [GET]
Rendering home/index
Completed in 2ms (View: 1, DB: 1) | 200 OK [http://localhost/]
  [4;36;1mSQL (0.2ms)[0m   [0;1mSET NAMES 'utf8'[0m
  [4;35;1mSQL (0.1ms)[0m   [0mSET SQL_AUTO_IS_NULL=0[0m
  [4;36;1mSQL (0.3ms)[0m   [0;1mSHOW TABLES[0m
  [4;35;1mSQL (0.2ms)[0m   [0mSELECT version FROM schema_migrations[0m
Migrating to CreatePeople (20131010160931)
  [4;36;1mSQL (477.8ms)[0m   [0;1mCREATE TABLE `people` (`id` int(11) DEFAULT NULL auto_increment PRIMARY KEY, `first_name` varchar(255), `last_name` varchar(255), `dob` datetime, `created_at` datetime, `updated_at` datetime) ENGINE=InnoDB[0m
  [4;35;1mSQL (165.9ms)[0m   [0mINSERT INTO schema_migrations (version) VALUES ('20131010160931')[0m
  [4;36;1mSQL (0.5ms)[0m   [0;1mSHOW TABLES[0m
  [4;35;1mSQL (0.5ms)[0m   [0mSELECT version FROM schema_migrations[0m
  [4;36;1mSQL (0.4ms)[0m   [0;1mSHOW TABLES[0m
  [4;35;1mSQL (1.4ms)[0m   [0mSHOW FIELDS FROM `people`[0m
  [4;36;1mSQL (1.4ms)[0m   [0;1mdescribe `people`[0m
  [4;35;1mSQL (0.7ms)[0m   [0mSHOW KEYS FROM `people`[0m
  [4;36;1mSQL (0.1ms)[0m   [0;1mSET NAMES 'utf8'[0m
  [4;35;1mSQL (0.2ms)[0m   [0mSET SQL_AUTO_IS_NULL=0[0m


Processing HomeController#index (for 127.0.0.1 at 2013-10-10 20:03:50) [GET]
Rendering home/index
Completed in 3ms (View: 1, DB: 0) | 200 OK [http://localhost/]


Processing HomeController#index (for 127.0.0.1 at 2013-10-10 20:03:53) [GET]
Rendering home/index
Completed in 1ms (View: 1, DB: 0) | 200 OK [http://localhost/]
  [4;36;1mSQL (0.2ms)[0m   [0;1mSET NAMES 'utf8'[0m
  [4;35;1mSQL (0.1ms)[0m   [0mSET SQL_AUTO_IS_NULL=0[0m


Processing HomeController#index (for 127.0.0.1 at 2013-10-10 20:03:54) [GET]
Rendering home/index
Completed in 3ms (View: 1, DB: 0) | 200 OK [http://localhost/]
  [4;36;1mSQL (0.1ms)[0m   [0;1mSET NAMES 'utf8'[0m
  [4;35;1mSQL (0.1ms)[0m   [0mSET SQL_AUTO_IS_NULL=0[0m


Processing HomeController#index (for 127.0.0.1 at 2013-10-10 20:04:00) [GET]
Rendering home/index
Completed in 2ms (View: 1, DB: 0) | 200 OK [http://localhost/]
  [4;36;1mSQL (0.2ms)[0m   [0;1mSET NAMES 'utf8'[0m
  [4;35;1mSQL (0.1ms)[0m   [0mSET SQL_AUTO_IS_NULL=0[0m


Processing HomeController#index (for 127.0.0.1 at 2013-10-10 20:04:03) [GET]
Rendering home/index
Completed in 3ms (View: 1, DB: 0) | 200 OK [http://localhost/]
  [4;36;1mSQL (0.1ms)[0m   [0;1mSET NAMES 'utf8'[0m
  [4;35;1mSQL (0.1ms)[0m   [0mSET SQL_AUTO_IS_NULL=0[0m


Processing ApplicationController#new (for 127.0.0.1 at 2013-10-10 20:04:25) [GET]

NameError (uninitialized constant PeopleController):
  /usr/lib/ruby/1.8/webrick/httpserver.rb:104:in `service'
  /usr/lib/ruby/1.8/webrick/httpserver.rb:65:in `run'
  /usr/lib/ruby/1.8/webrick/server.rb:173:in `start_thread'
  /usr/lib/ruby/1.8/webrick/server.rb:162:in `start'
  /usr/lib/ruby/1.8/webrick/server.rb:162:in `start_thread'
  /usr/lib/ruby/1.8/webrick/server.rb:95:in `start'
  /usr/lib/ruby/1.8/webrick/server.rb:92:in `each'
  /usr/lib/ruby/1.8/webrick/server.rb:92:in `start'
  /usr/lib/ruby/1.8/webrick/server.rb:23:in `start'
  /usr/lib/ruby/1.8/webrick/server.rb:82:in `start'

Rendered rescues/_trace (69.8ms)
Rendered rescues/_request_and_response (0.3ms)
Rendering rescues/layout (internal_server_error)
  [4;36;1mSQL (0.2ms)[0m   [0;1mSET NAMES 'utf8'[0m
  [4;35;1mSQL (0.2ms)[0m   [0mSET SQL_AUTO_IS_NULL=0[0m


Processing ApplicationController#new (for 127.0.0.1 at 2013-10-10 20:05:13) [GET]

NameError (uninitialized constant PeopleController):
  /usr/lib/ruby/1.8/webrick/httpserver.rb:104:in `service'
  /usr/lib/ruby/1.8/webrick/httpserver.rb:65:in `run'
  /usr/lib/ruby/1.8/webrick/server.rb:173:in `start_thread'
  /usr/lib/ruby/1.8/webrick/server.rb:162:in `start'
  /usr/lib/ruby/1.8/webrick/server.rb:162:in `start_thread'
  /usr/lib/ruby/1.8/webrick/server.rb:95:in `start'
  /usr/lib/ruby/1.8/webrick/server.rb:92:in `each'
  /usr/lib/ruby/1.8/webrick/server.rb:92:in `start'
  /usr/lib/ruby/1.8/webrick/server.rb:23:in `start'
  /usr/lib/ruby/1.8/webrick/server.rb:82:in `start'

Rendered rescues/_trace (26.5ms)
Rendered rescues/_request_and_response (0.3ms)
Rendering rescues/layout (internal_server_error)
  [4;36;1mSQL (0.2ms)[0m   [0;1mSET NAMES 'utf8'[0m
  [4;35;1mSQL (0.1ms)[0m   [0mSET SQL_AUTO_IS_NULL=0[0m


Processing ApplicationController#new (for 127.0.0.1 at 2013-10-10 20:07:56) [GET]

NameError (uninitialized constant PeopleController):
  /usr/lib/ruby/1.8/webrick/httpserver.rb:104:in `service'
  /usr/lib/ruby/1.8/webrick/httpserver.rb:65:in `run'
  /usr/lib/ruby/1.8/webrick/server.rb:173:in `start_thread'
  /usr/lib/ruby/1.8/webrick/server.rb:162:in `start'
  /usr/lib/ruby/1.8/webrick/server.rb:162:in `start_thread'
  /usr/lib/ruby/1.8/webrick/server.rb:95:in `start'
  /usr/lib/ruby/1.8/webrick/server.rb:92:in `each'
  /usr/lib/ruby/1.8/webrick/server.rb:92:in `start'
  /usr/lib/ruby/1.8/webrick/server.rb:23:in `start'
  /usr/lib/ruby/1.8/webrick/server.rb:82:in `start'

Rendered rescues/_trace (27.8ms)
Rendered rescues/_request_and_response (0.3ms)
Rendering rescues/layout (internal_server_error)
  [4;36;1mSQL (0.1ms)[0m   [0;1mSET NAMES 'utf8'[0m
  [4;35;1mSQL (0.1ms)[0m   [0mSET SQL_AUTO_IS_NULL=0[0m


Processing ApplicationController#new (for 127.0.0.1 at 2013-10-10 20:07:56) [GET]

NameError (uninitialized constant PeopleController):
  /usr/lib/ruby/1.8/webrick/httpserver.rb:104:in `service'
  /usr/lib/ruby/1.8/webrick/httpserver.rb:65:in `run'
  /usr/lib/ruby/1.8/webrick/server.rb:173:in `start_thread'
  /usr/lib/ruby/1.8/webrick/server.rb:162:in `start'
  /usr/lib/ruby/1.8/webrick/server.rb:162:in `start_thread'
  /usr/lib/ruby/1.8/webrick/server.rb:95:in `start'
  /usr/lib/ruby/1.8/webrick/server.rb:92:in `each'
  /usr/lib/ruby/1.8/webrick/server.rb:92:in `start'
  /usr/lib/ruby/1.8/webrick/server.rb:23:in `start'
  /usr/lib/ruby/1.8/webrick/server.rb:82:in `start'

Rendered rescues/_trace (72.4ms)
Rendered rescues/_request_and_response (0.3ms)
Rendering rescues/layout (internal_server_error)
  [4;36;1mSQL (0.2ms)[0m   [0;1mSET NAMES 'utf8'[0m
  [4;35;1mSQL (0.2ms)[0m   [0mSET SQL_AUTO_IS_NULL=0[0m


Processing ApplicationController#new (for 127.0.0.1 at 2013-10-10 20:10:20) [GET]

NameError (uninitialized constant PeopleController):
  /usr/lib/ruby/1.8/webrick/httpserver.rb:104:in `service'
  /usr/lib/ruby/1.8/webrick/httpserver.rb:65:in `run'
  /usr/lib/ruby/1.8/webrick/server.rb:173:in `start_thread'
  /usr/lib/ruby/1.8/webrick/server.rb:162:in `start'
  /usr/lib/ruby/1.8/webrick/server.rb:162:in `start_thread'
  /usr/lib/ruby/1.8/webrick/server.rb:95:in `start'
  /usr/lib/ruby/1.8/webrick/server.rb:92:in `each'
  /usr/lib/ruby/1.8/webrick/server.rb:92:in `start'
  /usr/lib/ruby/1.8/webrick/server.rb:23:in `start'
  /usr/lib/ruby/1.8/webrick/server.rb:82:in `start'

Rendered rescues/_trace (29.5ms)
Rendered rescues/_request_and_response (0.3ms)
Rendering rescues/layout (internal_server_error)
  [4;36;1mSQL (0.2ms)[0m   [0;1mSET NAMES 'utf8'[0m
  [4;35;1mSQL (0.2ms)[0m   [0mSET SQL_AUTO_IS_NULL=0[0m


Processing PersonController#new (for 127.0.0.1 at 2013-10-10 20:10:36) [GET]
  [4;36;1mPerson Columns (1.4ms)[0m   [0;1mSHOW FIELDS FROM `people`[0m
Rendering person/new
Completed in 61ms (View: 55, DB: 2) | 200 OK [http://localhost/person/new]
  [4;35;1mSQL (0.2ms)[0m   [0mSET NAMES 'utf8'[0m
  [4;36;1mSQL (0.2ms)[0m   [0;1mSET SQL_AUTO_IS_NULL=0[0m


Processing PersonController#create (for 127.0.0.1 at 2013-10-10 20:10:54) [POST]
  Parameters: {"authenticity_token"=>"zLzFYXwsL0vRgh0/PcLybGNwpBqe3/KT/V8lecn+0U0=", "person"=>{"dob"=>"2010/10/10", "last_name"=>"Milo", "first_name"=>"John"}, "commit"=>"create person"}
  [4;35;1mPerson Columns (1.4ms)[0m   [0mSHOW FIELDS FROM `people`[0m
  [4;36;1mSQL (0.2ms)[0m   [0;1mBEGIN[0m
  [4;35;1mPerson Create (29.3ms)[0m   [0mINSERT INTO `people` (`dob`, `created_at`, `last_name`, `first_name`, `updated_at`) VALUES('2010-10-10 00:00:00', '2013-10-10 18:10:54', 'Milo', 'John', '2013-10-10 18:10:54')[0m
  [4;36;1mSQL (204.5ms)[0m   [0;1mCOMMIT[0m
Redirected to http://localhost:3000/person
Completed in 584ms (DB: 236) | 302 Found [http://localhost/person/create]
  [4;35;1mSQL (0.2ms)[0m   [0mSET NAMES 'utf8'[0m
  [4;36;1mSQL (0.2ms)[0m   [0;1mSET SQL_AUTO_IS_NULL=0[0m


Processing PersonController#index (for 127.0.0.1 at 2013-10-10 20:10:54) [GET]
  [4;35;1mPerson Load (0.3ms)[0m   [0mSELECT * FROM `people` [0m
Rendering person/index
  [4;36;1mPerson Columns (1.4ms)[0m   [0;1mSHOW FIELDS FROM `people`[0m
Completed in 17ms (View: 10, DB: 2) | 200 OK [http://localhost/person]
  [4;35;1mSQL (0.2ms)[0m   [0mSET NAMES 'utf8'[0m
  [4;36;1mSQL (0.2ms)[0m   [0;1mSET SQL_AUTO_IS_NULL=0[0m


Processing PersonController#new (for 127.0.0.1 at 2013-10-10 20:11:01) [GET]
  [4;35;1mPerson Columns (1.3ms)[0m   [0mSHOW FIELDS FROM `people`[0m
Rendering person/new
Completed in 14ms (View: 6, DB: 2) | 200 OK [http://localhost/person/new]
  [4;36;1mSQL (0.2ms)[0m   [0;1mSET NAMES 'utf8'[0m
  [4;35;1mSQL (0.2ms)[0m   [0mSET SQL_AUTO_IS_NULL=0[0m


Processing PersonController#create (for 127.0.0.1 at 2013-10-10 20:11:37) [POST]
  Parameters: {"authenticity_token"=>"zLzFYXwsL0vRgh0/PcLybGNwpBqe3/KT/V8lecn+0U0=", "person"=>{"dob"=>"2013/10/10", "last_name"=>"Wa Steve", "first_name"=>"Steve"}, "commit"=>"create person"}
  [4;36;1mPerson Columns (1.5ms)[0m   [0;1mSHOW FIELDS FROM `people`[0m
  [4;35;1mSQL (0.2ms)[0m   [0mBEGIN[0m
  [4;36;1mPerson Create (0.6ms)[0m   [0;1mINSERT INTO `people` (`dob`, `created_at`, `last_name`, `first_name`, `updated_at`) VALUES('2013-10-10 00:00:00', '2013-10-10 18:11:37', 'Wa Steve', 'Steve', '2013-10-10 18:11:37')[0m
  [4;35;1mSQL (218.6ms)[0m   [0mCOMMIT[0m
Redirected to http://localhost:3000/person
Completed in 233ms (DB: 221) | 302 Found [http://localhost/person/create]
  [4;36;1mSQL (0.2ms)[0m   [0;1mSET NAMES 'utf8'[0m
  [4;35;1mSQL (0.1ms)[0m   [0mSET SQL_AUTO_IS_NULL=0[0m


Processing PersonController#index (for 127.0.0.1 at 2013-10-10 20:11:37) [GET]
  [4;36;1mPerson Load (0.5ms)[0m   [0;1mSELECT * FROM `people` [0m
Rendering person/index
  [4;35;1mPerson Columns (1.7ms)[0m   [0mSHOW FIELDS FROM `people`[0m
Completed in 14ms (View: 6, DB: 2) | 200 OK [http://localhost/person]
  [4;36;1mSQL (0.2ms)[0m   [0;1mSET NAMES 'utf8'[0m
  [4;35;1mSQL (0.2ms)[0m   [0mSET SQL_AUTO_IS_NULL=0[0m


Processing PersonController#edit (for 127.0.0.1 at 2013-10-10 20:11:56) [GET]
  Parameters: {"id"=>"1"}
  [4;36;1mPerson Columns (1.1ms)[0m   [0;1mSHOW FIELDS FROM `people`[0m
  [4;35;1mPerson Load (67.1ms)[0m   [0mSELECT * FROM `people` WHERE (`people`.`id` = 1) [0m
Rendering person/edit
Completed in 81ms (View: 8, DB: 69) | 200 OK [http://localhost/person/edit/1]
  [4;36;1mSQL (0.1ms)[0m   [0;1mSET NAMES 'utf8'[0m
  [4;35;1mSQL (0.2ms)[0m   [0mSET SQL_AUTO_IS_NULL=0[0m


Processing PersonController#update (for 127.0.0.1 at 2013-10-10 20:12:01) [POST]
  Parameters: {"authenticity_token"=>"zLzFYXwsL0vRgh0/PcLybGNwpBqe3/KT/V8lecn+0U0=", "person"=>{"dob"=>"2010-10-10 00:00:00", "id"=>"1", "last_name"=>"Miloed", "first_name"=>"John"}, "commit"=>"update person"}
  [4;36;1mPerson Columns (0.9ms)[0m   [0;1mSHOW FIELDS FROM `people`[0m
  [4;35;1mPerson Load (0.2ms)[0m   [0mSELECT * FROM `people` WHERE (`people`.`id` = 1) [0m
  [4;36;1mSQL (0.1ms)[0m   [0;1mBEGIN[0m
  [4;35;1mPerson Update (21.0ms)[0m   [0mUPDATE `people` SET `last_name` = 'Miloed', `updated_at` = '2013-10-10 18:12:01' WHERE `id` = 1[0m
  [4;36;1mSQL (170.6ms)[0m   [0;1mCOMMIT[0m
Redirected to http://localhost:3000/person
Completed in 201ms (DB: 193) | 302 Found [http://localhost/person/update]
  [4;35;1mSQL (0.2ms)[0m   [0mSET NAMES 'utf8'[0m
  [4;36;1mSQL (0.1ms)[0m   [0;1mSET SQL_AUTO_IS_NULL=0[0m


Processing PersonController#index (for 127.0.0.1 at 2013-10-10 20:12:01) [GET]
  [4;35;1mPerson Load (0.4ms)[0m   [0mSELECT * FROM `people` [0m
Rendering person/index
  [4;36;1mPerson Columns (0.9ms)[0m   [0;1mSHOW FIELDS FROM `people`[0m
Completed in 10ms (View: 4, DB: 2) | 200 OK [http://localhost/person]
  [4;36;1mSQL (0.3ms)[0m   [0;1mSET NAMES 'utf8'[0m
  [4;35;1mSQL (0.3ms)[0m   [0mSET SQL_AUTO_IS_NULL=0[0m


Processing PersonController#new (for 127.0.0.1 at 2013-10-11 09:20:04) [GET]
  [4;36;1mPerson Columns (2.4ms)[0m   [0;1mSHOW FIELDS FROM `people`[0m
Rendering person/new
Completed in 140ms (View: 128, DB: 3) | 200 OK [http://localhost/person/new]
  [4;35;1mSQL (0.2ms)[0m   [0mSET NAMES 'utf8'[0m
  [4;36;1mSQL (0.3ms)[0m   [0;1mSET SQL_AUTO_IS_NULL=0[0m


Processing PersonController#new (for 127.0.0.1 at 2013-10-11 09:21:30) [GET]
  [4;35;1mPerson Columns (2.1ms)[0m   [0mSHOW FIELDS FROM `people`[0m
Rendering person/new
Completed in 21ms (View: 10, DB: 3) | 200 OK [http://localhost/person/new]
  [4;36;1mSQL (0.3ms)[0m   [0;1mSET NAMES 'utf8'[0m
  [4;35;1mSQL (0.3ms)[0m   [0mSET SQL_AUTO_IS_NULL=0[0m


Processing PersonController#new (for 127.0.0.1 at 2013-10-11 10:32:39) [GET]
  [4;36;1mPerson Columns (2.1ms)[0m   [0;1mSHOW FIELDS FROM `people`[0m
Rendering person/new
Completed in 21ms (View: 10, DB: 3) | 200 OK [http://localhost/person/new]
  [4;35;1mSQL (0.2ms)[0m   [0mSET NAMES 'utf8'[0m
  [4;36;1mSQL (0.2ms)[0m   [0;1mSET SQL_AUTO_IS_NULL=0[0m


Processing PersonController#create (for 127.0.0.1 at 2013-10-11 10:32:50) [POST]
  Parameters: {"commit"=>"create person", "authenticity_token"=>"zLzFYXwsL0vRgh0/PcLybGNwpBqe3/KT/V8lecn+0U0=", "person"=>{"first_name"=>"", "dob"=>"", "last_name"=>""}}
  [4;35;1mPerson Columns (1.9ms)[0m   [0mSHOW FIELDS FROM `people`[0m
  [4;36;1mSQL (0.4ms)[0m   [0;1mBEGIN[0m
  [4;35;1mPerson Create (25.1ms)[0m   [0mINSERT INTO `people` (`first_name`, `dob`, `last_name`, `created_at`, `updated_at`) VALUES('', NULL, '', '2013-10-11 08:32:50', '2013-10-11 08:32:50')[0m
  [4;36;1mSQL (136.9ms)[0m   [0;1mCOMMIT[0m
Redirected to http://localhost:3000/person
Completed in 387ms (DB: 165) | 302 Found [http://localhost/person/create]
  [4;35;1mSQL (0.2ms)[0m   [0mSET NAMES 'utf8'[0m
  [4;36;1mSQL (0.1ms)[0m   [0;1mSET SQL_AUTO_IS_NULL=0[0m


Processing PersonController#index (for 127.0.0.1 at 2013-10-11 10:32:50) [GET]
  [4;35;1mPerson Load (0.8ms)[0m   [0mSELECT * FROM `people` [0m
Rendering person/index
  [4;36;1mPerson Columns (2.1ms)[0m   [0;1mSHOW FIELDS FROM `people`[0m
Completed in 94ms (View: 82, DB: 3) | 200 OK [http://localhost/person]
  [4;36;1mSQL (0.2ms)[0m   [0;1mSET NAMES 'utf8'[0m
  [4;35;1mSQL (0.2ms)[0m   [0mSET SQL_AUTO_IS_NULL=0[0m


Processing HomeController#index (for 127.0.0.1 at 2013-10-11 21:19:06) [GET]
Rendering home/index
Completed in 30ms (View: 28, DB: 0) | 200 OK [http://0.0.0.0/]
  [4;36;1mSQL (0.1ms)[0m   [0;1mSET NAMES 'utf8'[0m
  [4;35;1mSQL (0.2ms)[0m   [0mSET SQL_AUTO_IS_NULL=0[0m


Processing HomeController#index (for 127.0.0.1 at 2013-10-11 21:19:29) [GET]
Rendering home/index
Completed in 2ms (View: 1, DB: 0) | 200 OK [http://localhost/]
  [4;36;1mSQL (0.2ms)[0m   [0;1mSET NAMES 'utf8'[0m
  [4;35;1mSQL (0.2ms)[0m   [0mSET SQL_AUTO_IS_NULL=0[0m


Processing PersonController#new (for 127.0.0.1 at 2013-10-11 21:20:04) [GET]
  [4;36;1mPerson Columns (1.5ms)[0m   [0;1mSHOW FIELDS FROM `people`[0m
Rendering person/new
Completed in 75ms (View: 46, DB: 2) | 200 OK [http://localhost/person/new]
  [4;35;1mSQL (0.2ms)[0m   [0mSET NAMES 'utf8'[0m
  [4;36;1mSQL (0.2ms)[0m   [0;1mSET SQL_AUTO_IS_NULL=0[0m


Processing PersonController#new (for 127.0.0.1 at 2013-10-11 21:59:26) [GET]
  [4;35;1mPerson Columns (1.4ms)[0m   [0mSHOW FIELDS FROM `people`[0m
Rendering template within layouts/application
Rendering person/new
Completed in 23ms (View: 15, DB: 2) | 200 OK [http://localhost/person/new]
  [4;36;1mSQL (0.2ms)[0m   [0;1mSET NAMES 'utf8'[0m
  [4;35;1mSQL (0.1ms)[0m   [0mSET SQL_AUTO_IS_NULL=0[0m


Processing ApplicationController#index (for 127.0.0.1 at 2013-10-11 21:59:26) [GET]

ActionController::RoutingError (No route matches "/images/mw-bk.jpg" with {:method=>:get}):
  passenger (4.0.20) lib/phusion_passenger/rack/thread_handler_extension.rb:77:in `process_request'
  passenger (4.0.20) lib/phusion_passenger/request_handler/thread_handler.rb:140:in `accept_and_process_next_request'
  passenger (4.0.20) lib/phusion_passenger/request_handler/thread_handler.rb:108:in `main_loop'
  passenger (4.0.20) lib/phusion_passenger/request_handler.rb:441:in `start_threads'
  passenger (4.0.20) lib/phusion_passenger/request_handler.rb:435:in `initialize'
  passenger (4.0.20) lib/phusion_passenger/request_handler.rb:435:in `new'
  passenger (4.0.20) lib/phusion_passenger/request_handler.rb:435:in `start_threads'
  passenger (4.0.20) lib/phusion_passenger/request_handler.rb:434:in `times'
  passenger (4.0.20) lib/phusion_passenger/request_handler.rb:434:in `start_threads'
  passenger (4.0.20) lib/phusion_passenger/request_handler.rb:433:in `synchronize'
  passenger (4.0.20) lib/phusion_passenger/request_handler.rb:433:in `start_threads'
  passenger (4.0.20) lib/phusion_passenger/request_handler.rb:200:in `main_loop'
  passenger (4.0.20) helper-scripts/classic-rails-preloader.rb:182

Rendering rescues/layout (not_found)
  [4;36;1mSQL (0.2ms)[0m   [0;1mSET NAMES 'utf8'[0m
  [4;35;1mSQL (0.2ms)[0m   [0mSET SQL_AUTO_IS_NULL=0[0m


Processing PersonController#new (for 127.0.0.1 at 2013-10-11 22:04:21) [GET]
  [4;36;1mPerson Columns (1.4ms)[0m   [0;1mSHOW FIELDS FROM `people`[0m
Rendering template within layouts/application
Rendering person/new
Completed in 59ms (View: 11, DB: 2) | 200 OK [http://localhost/person/new]
  [4;35;1mSQL (0.2ms)[0m   [0mSET NAMES 'utf8'[0m
  [4;36;1mSQL (0.1ms)[0m   [0;1mSET SQL_AUTO_IS_NULL=0[0m


Processing ApplicationController#index (for 127.0.0.1 at 2013-10-11 22:04:22) [GET]

ActionController::RoutingError (No route matches "/images/mw-bk.jpg" with {:method=>:get}):
  passenger (4.0.20) lib/phusion_passenger/rack/thread_handler_extension.rb:77:in `process_request'
  passenger (4.0.20) lib/phusion_passenger/request_handler/thread_handler.rb:140:in `accept_and_process_next_request'
  passenger (4.0.20) lib/phusion_passenger/request_handler/thread_handler.rb:108:in `main_loop'
  passenger (4.0.20) lib/phusion_passenger/request_handler.rb:441:in `start_threads'
  passenger (4.0.20) lib/phusion_passenger/request_handler.rb:435:in `initialize'
  passenger (4.0.20) lib/phusion_passenger/request_handler.rb:435:in `new'
  passenger (4.0.20) lib/phusion_passenger/request_handler.rb:435:in `start_threads'
  passenger (4.0.20) lib/phusion_passenger/request_handler.rb:434:in `times'
  passenger (4.0.20) lib/phusion_passenger/request_handler.rb:434:in `start_threads'
  passenger (4.0.20) lib/phusion_passenger/request_handler.rb:433:in `synchronize'
  passenger (4.0.20) lib/phusion_passenger/request_handler.rb:433:in `start_threads'
  passenger (4.0.20) lib/phusion_passenger/request_handler.rb:200:in `main_loop'
  passenger (4.0.20) helper-scripts/classic-rails-preloader.rb:182

Rendering rescues/layout (not_found)
  [4;35;1mSQL (0.2ms)[0m   [0mSET NAMES 'utf8'[0m
  [4;36;1mSQL (0.1ms)[0m   [0;1mSET SQL_AUTO_IS_NULL=0[0m


Processing PersonController#create (for 127.0.0.1 at 2013-10-11 22:05:03) [POST]
  Parameters: {"person"=>{"dob"=>"2010/10/10", "first_name"=>"Dd", "last_name"=>"Mm"}, "authenticity_token"=>"zLzFYXwsL0vRgh0/PcLybGNwpBqe3/KT/V8lecn+0U0="}
  [4;35;1mPerson Columns (1.4ms)[0m   [0mSHOW FIELDS FROM `people`[0m
  [4;36;1mSQL (0.2ms)[0m   [0;1mBEGIN[0m
  [4;35;1mPerson Create (0.5ms)[0m   [0mINSERT INTO `people` (`dob`, `first_name`, `last_name`, `created_at`, `updated_at`) VALUES('2010-10-10 00:00:00', 'Dd', 'Mm', '2013-10-11 20:05:03', '2013-10-11 20:05:03')[0m
  [4;36;1mSQL (144.9ms)[0m   [0;1mCOMMIT[0m
Redirected to http://localhost:3333/person
Completed in 233ms (DB: 147) | 302 Found [http://localhost/person/create]
  [4;35;1mSQL (0.2ms)[0m   [0mSET NAMES 'utf8'[0m
  [4;36;1mSQL (0.1ms)[0m   [0;1mSET SQL_AUTO_IS_NULL=0[0m


Processing PersonController#index (for 127.0.0.1 at 2013-10-11 22:05:04) [GET]
  [4;35;1mPerson Load (0.6ms)[0m   [0mSELECT * FROM `people` [0m
Rendering template within layouts/application
Rendering person/index
  [4;36;1mPerson Columns (1.4ms)[0m   [0;1mSHOW FIELDS FROM `people`[0m
Completed in 21ms (View: 12, DB: 2) | 200 OK [http://localhost/person]
  [4;35;1mSQL (0.2ms)[0m   [0mSET NAMES 'utf8'[0m
  [4;36;1mSQL (0.2ms)[0m   [0;1mSET SQL_AUTO_IS_NULL=0[0m


Processing PersonController#new (for 127.0.0.1 at 2013-10-11 22:05:22) [GET]
  [4;35;1mPerson Columns (1.4ms)[0m   [0mSHOW FIELDS FROM `people`[0m
Rendering template within layouts/application
Rendering person/new
Completed in 12ms (View: 5, DB: 2) | 200 OK [http://localhost/person/new]
  [4;36;1mSQL (0.1ms)[0m   [0;1mSET NAMES 'utf8'[0m
  [4;35;1mSQL (0.1ms)[0m   [0mSET SQL_AUTO_IS_NULL=0[0m


Processing ApplicationController#index (for 127.0.0.1 at 2013-10-11 22:05:23) [GET]

ActionController::RoutingError (No route matches "/images/mw-bk.jpg" with {:method=>:get}):
  passenger (4.0.20) lib/phusion_passenger/rack/thread_handler_extension.rb:77:in `process_request'
  passenger (4.0.20) lib/phusion_passenger/request_handler/thread_handler.rb:140:in `accept_and_process_next_request'
  passenger (4.0.20) lib/phusion_passenger/request_handler/thread_handler.rb:108:in `main_loop'
  passenger (4.0.20) lib/phusion_passenger/request_handler.rb:441:in `start_threads'
  passenger (4.0.20) lib/phusion_passenger/request_handler.rb:435:in `initialize'
  passenger (4.0.20) lib/phusion_passenger/request_handler.rb:435:in `new'
  passenger (4.0.20) lib/phusion_passenger/request_handler.rb:435:in `start_threads'
  passenger (4.0.20) lib/phusion_passenger/request_handler.rb:434:in `times'
  passenger (4.0.20) lib/phusion_passenger/request_handler.rb:434:in `start_threads'
  passenger (4.0.20) lib/phusion_passenger/request_handler.rb:433:in `synchronize'
  passenger (4.0.20) lib/phusion_passenger/request_handler.rb:433:in `start_threads'
  passenger (4.0.20) lib/phusion_passenger/request_handler.rb:200:in `main_loop'
  passenger (4.0.20) helper-scripts/classic-rails-preloader.rb:182

Rendering rescues/layout (not_found)
  [4;36;1mSQL (0.2ms)[0m   [0;1mSET NAMES 'utf8'[0m
  [4;35;1mSQL (0.1ms)[0m   [0mSET SQL_AUTO_IS_NULL=0[0m


Processing PersonController#new (for 127.0.0.1 at 2013-10-11 22:12:40) [GET]
  [4;36;1mPerson Columns (1.0ms)[0m   [0;1mSHOW FIELDS FROM `people`[0m
Rendering template within layouts/application
Rendering person/new
Completed in 12ms (View: 5, DB: 1) | 200 OK [http://localhost/person/new]
  [4;35;1mSQL (0.2ms)[0m   [0mSET NAMES 'utf8'[0m
  [4;36;1mSQL (0.1ms)[0m   [0;1mSET SQL_AUTO_IS_NULL=0[0m


Processing ApplicationController#index (for 127.0.0.1 at 2013-10-11 22:12:41) [GET]

ActionController::RoutingError (No route matches "/images/mw-bk.jpg" with {:method=>:get}):
  passenger (4.0.20) lib/phusion_passenger/rack/thread_handler_extension.rb:77:in `process_request'
  passenger (4.0.20) lib/phusion_passenger/request_handler/thread_handler.rb:140:in `accept_and_process_next_request'
  passenger (4.0.20) lib/phusion_passenger/request_handler/thread_handler.rb:108:in `main_loop'
  passenger (4.0.20) lib/phusion_passenger/request_handler.rb:441:in `start_threads'
  passenger (4.0.20) lib/phusion_passenger/request_handler.rb:435:in `initialize'
  passenger (4.0.20) lib/phusion_passenger/request_handler.rb:435:in `new'
  passenger (4.0.20) lib/phusion_passenger/request_handler.rb:435:in `start_threads'
  passenger (4.0.20) lib/phusion_passenger/request_handler.rb:434:in `times'
  passenger (4.0.20) lib/phusion_passenger/request_handler.rb:434:in `start_threads'
  passenger (4.0.20) lib/phusion_passenger/request_handler.rb:433:in `synchronize'
  passenger (4.0.20) lib/phusion_passenger/request_handler.rb:433:in `start_threads'
  passenger (4.0.20) lib/phusion_passenger/request_handler.rb:200:in `main_loop'
  passenger (4.0.20) helper-scripts/classic-rails-preloader.rb:182

Rendering rescues/layout (not_found)
  [4;35;1mSQL (0.2ms)[0m   [0mSET NAMES 'utf8'[0m
  [4;36;1mSQL (0.1ms)[0m   [0;1mSET SQL_AUTO_IS_NULL=0[0m


Processing PersonController#create (for 127.0.0.1 at 2013-10-11 22:12:55) [POST]
  Parameters: {"person"=>{"dob"=>"2013/10/10", "first_name"=>"N", "last_name"=>"V"}, "authenticity_token"=>"zLzFYXwsL0vRgh0/PcLybGNwpBqe3/KT/V8lecn+0U0="}
  [4;35;1mPerson Columns (1.5ms)[0m   [0mSHOW FIELDS FROM `people`[0m
  [4;36;1mSQL (0.3ms)[0m   [0;1mBEGIN[0m
  [4;35;1mPerson Create (0.6ms)[0m   [0mINSERT INTO `people` (`dob`, `first_name`, `last_name`, `created_at`, `updated_at`) VALUES('2013-10-10 00:00:00', 'N', 'V', '2013-10-11 20:12:55', '2013-10-11 20:12:55')[0m
  [4;36;1mSQL (140.6ms)[0m   [0;1mCOMMIT[0m
Redirected to http://localhost:3333/person
Completed in 154ms (DB: 143) | 302 Found [http://localhost/person/create]
  [4;35;1mSQL (0.2ms)[0m   [0mSET NAMES 'utf8'[0m
  [4;36;1mSQL (0.2ms)[0m   [0;1mSET SQL_AUTO_IS_NULL=0[0m


Processing PersonController#index (for 127.0.0.1 at 2013-10-11 22:12:55) [GET]
  [4;35;1mPerson Load (0.4ms)[0m   [0mSELECT * FROM `people` [0m
Rendering template within layouts/application
Rendering person/index
  [4;36;1mPerson Columns (0.8ms)[0m   [0;1mSHOW FIELDS FROM `people`[0m
Completed in 12ms (View: 7, DB: 2) | 200 OK [http://localhost/person]
  [4;35;1mSQL (0.2ms)[0m   [0mSET NAMES 'utf8'[0m
  [4;36;1mSQL (0.2ms)[0m   [0;1mSET SQL_AUTO_IS_NULL=0[0m


Processing PersonController#edit (for 127.0.0.1 at 2013-10-11 22:12:58) [GET]
  Parameters: {"id"=>"5"}
  [4;35;1mPerson Columns (1.5ms)[0m   [0mSHOW FIELDS FROM `people`[0m
  [4;36;1mPerson Load (0.5ms)[0m   [0;1mSELECT * FROM `people` WHERE (`people`.`id` = 5) [0m
Rendering template within layouts/application
Rendering person/edit
Completed in 22ms (View: 14, DB: 2) | 200 OK [http://localhost/person/edit/5]
  [4;35;1mSQL (0.2ms)[0m   [0mSET NAMES 'utf8'[0m
  [4;36;1mSQL (0.1ms)[0m   [0;1mSET SQL_AUTO_IS_NULL=0[0m


Processing ApplicationController#index (for 127.0.0.1 at 2013-10-11 22:12:58) [GET]

ActionController::RoutingError (No route matches "/images/mw-bk.jpg" with {:method=>:get}):
  passenger (4.0.20) lib/phusion_passenger/rack/thread_handler_extension.rb:77:in `process_request'
  passenger (4.0.20) lib/phusion_passenger/request_handler/thread_handler.rb:140:in `accept_and_process_next_request'
  passenger (4.0.20) lib/phusion_passenger/request_handler/thread_handler.rb:108:in `main_loop'
  passenger (4.0.20) lib/phusion_passenger/request_handler.rb:441:in `start_threads'
  passenger (4.0.20) lib/phusion_passenger/request_handler.rb:435:in `initialize'
  passenger (4.0.20) lib/phusion_passenger/request_handler.rb:435:in `new'
  passenger (4.0.20) lib/phusion_passenger/request_handler.rb:435:in `start_threads'
  passenger (4.0.20) lib/phusion_passenger/request_handler.rb:434:in `times'
  passenger (4.0.20) lib/phusion_passenger/request_handler.rb:434:in `start_threads'
  passenger (4.0.20) lib/phusion_passenger/request_handler.rb:433:in `synchronize'
  passenger (4.0.20) lib/phusion_passenger/request_handler.rb:433:in `start_threads'
  passenger (4.0.20) lib/phusion_passenger/request_handler.rb:200:in `main_loop'
  passenger (4.0.20) helper-scripts/classic-rails-preloader.rb:182

Rendering rescues/layout (not_found)
  [4;35;1mSQL (0.1ms)[0m   [0mSET NAMES 'utf8'[0m
  [4;36;1mSQL (0.1ms)[0m   [0;1mSET SQL_AUTO_IS_NULL=0[0m


Processing ApplicationController#index (for 127.0.0.1 at 2013-10-11 22:13:06) [GET]

NameError (uninitialized constant PeopleController):
  passenger (4.0.20) lib/phusion_passenger/rack/thread_handler_extension.rb:77:in `process_request'
  passenger (4.0.20) lib/phusion_passenger/request_handler/thread_handler.rb:140:in `accept_and_process_next_request'
  passenger (4.0.20) lib/phusion_passenger/request_handler/thread_handler.rb:108:in `main_loop'
  passenger (4.0.20) lib/phusion_passenger/request_handler.rb:441:in `start_threads'
  passenger (4.0.20) lib/phusion_passenger/request_handler.rb:435:in `initialize'
  passenger (4.0.20) lib/phusion_passenger/request_handler.rb:435:in `new'
  passenger (4.0.20) lib/phusion_passenger/request_handler.rb:435:in `start_threads'
  passenger (4.0.20) lib/phusion_passenger/request_handler.rb:434:in `times'
  passenger (4.0.20) lib/phusion_passenger/request_handler.rb:434:in `start_threads'
  passenger (4.0.20) lib/phusion_passenger/request_handler.rb:433:in `synchronize'
  passenger (4.0.20) lib/phusion_passenger/request_handler.rb:433:in `start_threads'
  passenger (4.0.20) lib/phusion_passenger/request_handler.rb:200:in `main_loop'
  passenger (4.0.20) helper-scripts/classic-rails-preloader.rb:182

Rendered rescues/_trace (24.1ms)
Rendered rescues/_request_and_response (1.4ms)
Rendering rescues/layout (internal_server_error)
  [4;35;1mSQL (0.2ms)[0m   [0mSET NAMES 'utf8'[0m
  [4;36;1mSQL (0.2ms)[0m   [0;1mSET SQL_AUTO_IS_NULL=0[0m


Processing ApplicationController#index (for 127.0.0.1 at 2013-10-11 22:13:11) [GET]

NameError (uninitialized constant PeopleController):
  passenger (4.0.20) lib/phusion_passenger/rack/thread_handler_extension.rb:77:in `process_request'
  passenger (4.0.20) lib/phusion_passenger/request_handler/thread_handler.rb:140:in `accept_and_process_next_request'
  passenger (4.0.20) lib/phusion_passenger/request_handler/thread_handler.rb:108:in `main_loop'
  passenger (4.0.20) lib/phusion_passenger/request_handler.rb:441:in `start_threads'
  passenger (4.0.20) lib/phusion_passenger/request_handler.rb:435:in `initialize'
  passenger (4.0.20) lib/phusion_passenger/request_handler.rb:435:in `new'
  passenger (4.0.20) lib/phusion_passenger/request_handler.rb:435:in `start_threads'
  passenger (4.0.20) lib/phusion_passenger/request_handler.rb:434:in `times'
  passenger (4.0.20) lib/phusion_passenger/request_handler.rb:434:in `start_threads'
  passenger (4.0.20) lib/phusion_passenger/request_handler.rb:433:in `synchronize'
  passenger (4.0.20) lib/phusion_passenger/request_handler.rb:433:in `start_threads'
  passenger (4.0.20) lib/phusion_passenger/request_handler.rb:200:in `main_loop'
  passenger (4.0.20) helper-scripts/classic-rails-preloader.rb:182

Rendered rescues/_trace (76.3ms)
Rendered rescues/_request_and_response (0.3ms)
Rendering rescues/layout (internal_server_error)
  [4;35;1mSQL (0.2ms)[0m   [0mSET NAMES 'utf8'[0m
  [4;36;1mSQL (0.1ms)[0m   [0;1mSET SQL_AUTO_IS_NULL=0[0m


Processing ApplicationController#index (for 127.0.0.1 at 2013-10-11 22:13:12) [GET]

NameError (uninitialized constant PeopleController):
  passenger (4.0.20) lib/phusion_passenger/rack/thread_handler_extension.rb:77:in `process_request'
  passenger (4.0.20) lib/phusion_passenger/request_handler/thread_handler.rb:140:in `accept_and_process_next_request'
  passenger (4.0.20) lib/phusion_passenger/request_handler/thread_handler.rb:108:in `main_loop'
  passenger (4.0.20) lib/phusion_passenger/request_handler.rb:441:in `start_threads'
  passenger (4.0.20) lib/phusion_passenger/request_handler.rb:435:in `initialize'
  passenger (4.0.20) lib/phusion_passenger/request_handler.rb:435:in `new'
  passenger (4.0.20) lib/phusion_passenger/request_handler.rb:435:in `start_threads'
  passenger (4.0.20) lib/phusion_passenger/request_handler.rb:434:in `times'
  passenger (4.0.20) lib/phusion_passenger/request_handler.rb:434:in `start_threads'
  passenger (4.0.20) lib/phusion_passenger/request_handler.rb:433:in `synchronize'
  passenger (4.0.20) lib/phusion_passenger/request_handler.rb:433:in `start_threads'
  passenger (4.0.20) lib/phusion_passenger/request_handler.rb:200:in `main_loop'
  passenger (4.0.20) helper-scripts/classic-rails-preloader.rb:182

Rendered rescues/_trace (27.5ms)
Rendered rescues/_request_and_response (0.3ms)
Rendering rescues/layout (internal_server_error)
  [4;35;1mSQL (0.2ms)[0m   [0mSET NAMES 'utf8'[0m
  [4;36;1mSQL (0.1ms)[0m   [0;1mSET SQL_AUTO_IS_NULL=0[0m


Processing PersonController#new (for 127.0.0.1 at 2013-10-11 22:13:22) [GET]
  [4;35;1mPerson Columns (0.9ms)[0m   [0mSHOW FIELDS FROM `people`[0m
Rendering template within layouts/application
Rendering person/new
Completed in 10ms (View: 5, DB: 1) | 200 OK [http://localhost/person/new]
  [4;36;1mSQL (0.3ms)[0m   [0;1mSET NAMES 'utf8'[0m
  [4;35;1mSQL (0.2ms)[0m   [0mSET SQL_AUTO_IS_NULL=0[0m


Processing ApplicationController#index (for 127.0.0.1 at 2013-10-11 22:13:22) [GET]

ActionController::RoutingError (No route matches "/images/mw-bk.jpg" with {:method=>:get}):
  passenger (4.0.20) lib/phusion_passenger/rack/thread_handler_extension.rb:77:in `process_request'
  passenger (4.0.20) lib/phusion_passenger/request_handler/thread_handler.rb:140:in `accept_and_process_next_request'
  passenger (4.0.20) lib/phusion_passenger/request_handler/thread_handler.rb:108:in `main_loop'
  passenger (4.0.20) lib/phusion_passenger/request_handler.rb:441:in `start_threads'
  passenger (4.0.20) lib/phusion_passenger/request_handler.rb:435:in `initialize'
  passenger (4.0.20) lib/phusion_passenger/request_handler.rb:435:in `new'
  passenger (4.0.20) lib/phusion_passenger/request_handler.rb:435:in `start_threads'
  passenger (4.0.20) lib/phusion_passenger/request_handler.rb:434:in `times'
  passenger (4.0.20) lib/phusion_passenger/request_handler.rb:434:in `start_threads'
  passenger (4.0.20) lib/phusion_passenger/request_handler.rb:433:in `synchronize'
  passenger (4.0.20) lib/phusion_passenger/request_handler.rb:433:in `start_threads'
  passenger (4.0.20) lib/phusion_passenger/request_handler.rb:200:in `main_loop'
  passenger (4.0.20) helper-scripts/classic-rails-preloader.rb:182

Rendering rescues/layout (not_found)
  [4;36;1mSQL (0.1ms)[0m   [0;1mSET NAMES 'utf8'[0m
  [4;35;1mSQL (0.1ms)[0m   [0mSET SQL_AUTO_IS_NULL=0[0m


Processing PersonController#create (for 127.0.0.1 at 2013-10-11 22:13:35) [POST]
  Parameters: {"person"=>{"dob"=>"2013/10/10", "first_name"=>"O", "last_name"=>"L"}, "authenticity_token"=>"zLzFYXwsL0vRgh0/PcLybGNwpBqe3/KT/V8lecn+0U0="}
  [4;36;1mPerson Columns (0.9ms)[0m   [0;1mSHOW FIELDS FROM `people`[0m
  [4;35;1mSQL (0.1ms)[0m   [0mBEGIN[0m
  [4;36;1mPerson Create (0.5ms)[0m   [0;1mINSERT INTO `people` (`dob`, `first_name`, `last_name`, `created_at`, `updated_at`) VALUES('2013-10-10 00:00:00', 'O', 'L', '2013-10-11 20:13:35', '2013-10-11 20:13:35')[0m
  [4;35;1mSQL (117.9ms)[0m   [0mCOMMIT[0m
Redirected to http://localhost:3333/person
Completed in 127ms (DB: 120) | 302 Found [http://localhost/person/create]
  [4;36;1mSQL (0.2ms)[0m   [0;1mSET NAMES 'utf8'[0m
  [4;35;1mSQL (0.1ms)[0m   [0mSET SQL_AUTO_IS_NULL=0[0m


Processing PersonController#index (for 127.0.0.1 at 2013-10-11 22:13:35) [GET]
  [4;36;1mPerson Load (0.5ms)[0m   [0;1mSELECT * FROM `people` [0m
Rendering template within layouts/application
Rendering person/index
  [4;35;1mPerson Columns (1.6ms)[0m   [0mSHOW FIELDS FROM `people`[0m
Completed in 20ms (View: 13, DB: 2) | 200 OK [http://localhost/person]
